
*** Running vivado
    with args -log wafer_npu_bd_wrapper.vdi -applog -m64 -product Vivado -messageDb vivado.pb -mode batch -source wafer_npu_bd_wrapper.tcl -notrace


****** Vivado v2024.2 (64-bit)
  **** SW Build 5239630 on Fri Nov 08 22:34:34 MST 2024
  **** IP Build 5239520 on Sun Nov 10 16:12:51 MST 2024
  **** SharedData Build 5239561 on Fri Nov 08 14:39:27 MST 2024
  **** Start of session at: Wed Jul  1 12:30:18 2026
    ** Copyright 1986-2022 Xilinx, Inc. All Rights Reserved.
    ** Copyright 2022-2024 Advanced Micro Devices, Inc. All Rights Reserved.

source wafer_npu_bd_wrapper.tcl -notrace
INFO: [IP_Flow 19-234] Refreshing IP repositories
INFO: [IP_Flow 19-1700] Loaded user IP repository '/home/kimyujeong/workspace_ondevice_2/09.wafer_npu_project/C_vivado/ip_repo_cnn_npu'.
INFO: [IP_Flow 19-2313] Loaded Vivado IP repository '/opt/Xilinx/Vivado/2024.2/data/ip'.
Command: link_design -top wafer_npu_bd_wrapper -part xc7z020clg400-1
Design is defaulting to srcset: sources_1
Design is defaulting to constrset: constrs_1
INFO: [Device 21-403] Loading part xc7z020clg400-1
INFO: [Project 1-454] Reading design checkpoint '/home/kimyujeong/workspace_ondevice_2/09.wafer_npu_project/C_vivado/C_vivado.gen/sources_1/bd/wafer_npu_bd/ip/wafer_npu_bd_cnn_npu_0_0/wafer_npu_bd_cnn_npu_0_0.dcp' for cell 'wafer_npu_bd_i/cnn_npu_0'
INFO: [Project 1-454] Reading design checkpoint '/home/kimyujeong/workspace_ondevice_2/09.wafer_npu_project/C_vivado/C_vivado.gen/sources_1/bd/wafer_npu_bd/ip/wafer_npu_bd_processing_system7_0_0/wafer_npu_bd_processing_system7_0_0.dcp' for cell 'wafer_npu_bd_i/processing_system7_0'
INFO: [Project 1-454] Reading design checkpoint '/home/kimyujeong/workspace_ondevice_2/09.wafer_npu_project/C_vivado/C_vivado.gen/sources_1/bd/wafer_npu_bd/ip/wafer_npu_bd_rst_ps7_0_40M_0/wafer_npu_bd_rst_ps7_0_40M_0.dcp' for cell 'wafer_npu_bd_i/rst_ps7_0_40M'
INFO: [Project 1-454] Reading design checkpoint '/home/kimyujeong/workspace_ondevice_2/09.wafer_npu_project/C_vivado/C_vivado.gen/sources_1/bd/wafer_npu_bd/ip/wafer_npu_bd_ps7_0_axi_periph_imp_auto_pc_0/wafer_npu_bd_ps7_0_axi_periph_imp_auto_pc_0.dcp' for cell 'wafer_npu_bd_i/ps7_0_axi_periph/s00_couplers/auto_pc'
Netlist sorting complete. Time (s): cpu = 00:00:00.04 ; elapsed = 00:00:00.04 . Memory (MB): peak = 1486.281 ; gain = 0.000 ; free physical = 4857 ; free virtual = 6555
INFO: [Netlist 29-17] Analyzing 1057 Unisim elements for replacement
INFO: [Netlist 29-28] Unisim Transformation completed in 0 CPU seconds
INFO: [Project 1-479] Netlist was created with Vivado 2024.2
INFO: [Project 1-570] Preparing netlist for logic optimization
Parsing XDC File [/home/kimyujeong/workspace_ondevice_2/09.wafer_npu_project/C_vivado/C_vivado.gen/sources_1/bd/wafer_npu_bd/ip/wafer_npu_bd_processing_system7_0_0/wafer_npu_bd_processing_system7_0_0.xdc] for cell 'wafer_npu_bd_i/processing_system7_0/inst'
Finished Parsing XDC File [/home/kimyujeong/workspace_ondevice_2/09.wafer_npu_project/C_vivado/C_vivado.gen/sources_1/bd/wafer_npu_bd/ip/wafer_npu_bd_processing_system7_0_0/wafer_npu_bd_processing_system7_0_0.xdc] for cell 'wafer_npu_bd_i/processing_system7_0/inst'
Parsing XDC File [/home/kimyujeong/workspace_ondevice_2/09.wafer_npu_project/C_vivado/C_vivado.gen/sources_1/bd/wafer_npu_bd/ip/wafer_npu_bd_cnn_npu_0_0/src/Zybo-Z7-Master.xdc] for cell 'wafer_npu_bd_i/cnn_npu_0/inst'
Finished Parsing XDC File [/home/kimyujeong/workspace_ondevice_2/09.wafer_npu_project/C_vivado/C_vivado.gen/sources_1/bd/wafer_npu_bd/ip/wafer_npu_bd_cnn_npu_0_0/src/Zybo-Z7-Master.xdc] for cell 'wafer_npu_bd_i/cnn_npu_0/inst'
Parsing XDC File [/home/kimyujeong/workspace_ondevice_2/09.wafer_npu_project/C_vivado/C_vivado.gen/sources_1/bd/wafer_npu_bd/ip/wafer_npu_bd_rst_ps7_0_40M_0/wafer_npu_bd_rst_ps7_0_40M_0_board.xdc] for cell 'wafer_npu_bd_i/rst_ps7_0_40M/U0'
Finished Parsing XDC File [/home/kimyujeong/workspace_ondevice_2/09.wafer_npu_project/C_vivado/C_vivado.gen/sources_1/bd/wafer_npu_bd/ip/wafer_npu_bd_rst_ps7_0_40M_0/wafer_npu_bd_rst_ps7_0_40M_0_board.xdc] for cell 'wafer_npu_bd_i/rst_ps7_0_40M/U0'
Parsing XDC File [/home/kimyujeong/workspace_ondevice_2/09.wafer_npu_project/C_vivado/C_vivado.gen/sources_1/bd/wafer_npu_bd/ip/wafer_npu_bd_rst_ps7_0_40M_0/wafer_npu_bd_rst_ps7_0_40M_0.xdc] for cell 'wafer_npu_bd_i/rst_ps7_0_40M/U0'
Finished Parsing XDC File [/home/kimyujeong/workspace_ondevice_2/09.wafer_npu_project/C_vivado/C_vivado.gen/sources_1/bd/wafer_npu_bd/ip/wafer_npu_bd_rst_ps7_0_40M_0/wafer_npu_bd_rst_ps7_0_40M_0.xdc] for cell 'wafer_npu_bd_i/rst_ps7_0_40M/U0'
Parsing XDC File [/home/kimyujeong/workspace_ondevice_2/09.wafer_npu_project/C_vivado/C_vivado.srcs/constrs_1/imports/Desktop/Zybo-Z7-Master.xdc]
Finished Parsing XDC File [/home/kimyujeong/workspace_ondevice_2/09.wafer_npu_project/C_vivado/C_vivado.srcs/constrs_1/imports/Desktop/Zybo-Z7-Master.xdc]
INFO: [Opt 31-138] Pushed 0 inverter(s) to 0 load pin(s).
Netlist sorting complete. Time (s): cpu = 00:00:00 ; elapsed = 00:00:00 . Memory (MB): peak = 1729.684 ; gain = 0.000 ; free physical = 4748 ; free virtual = 6449
INFO: [Project 1-111] Unisim Transformation Summary:
  A total of 7 instances were transformed.
  RAM32M => RAM32M (RAMD32(x6), RAMS32(x2)): 4 instances
  RAM64M => RAM64M (RAMD64E(x4)): 3 instances

14 Infos, 0 Warnings, 0 Critical Warnings and 0 Errors encountered.
link_design completed successfully
link_design: Time (s): cpu = 00:00:08 ; elapsed = 00:00:08 . Memory (MB): peak = 1729.684 ; gain = 258.277 ; free physical = 4748 ; free virtual = 6449
Command: opt_design
Attempting to get a license for feature 'Implementation' and/or device 'xc7z020'
INFO: [Common 17-349] Got license for feature 'Implementation' and/or device 'xc7z020'
Running DRC as a precondition to command opt_design

Starting DRC Task
INFO: [DRC 23-27] Running DRC with 8 threads
INFO: [Project 1-461] DRC finished with 0 Errors
INFO: [Project 1-462] Please refer to the DRC report (report_drc) for more information.

Time (s): cpu = 00:00:02 ; elapsed = 00:00:00.6 . Memory (MB): peak = 1825.082 ; gain = 95.398 ; free physical = 4686 ; free virtual = 6388

Starting Cache Timing Information Task
INFO: [Timing 38-35] Done setting XDC timing constraints.
Ending Cache Timing Information Task | Checksum: 1754b68d9

Time (s): cpu = 00:00:07 ; elapsed = 00:00:07 . Memory (MB): peak = 2253.910 ; gain = 428.828 ; free physical = 4271 ; free virtual = 5987

Starting Logic Optimization Task

Phase 1 Initialization

Phase 1.1 Core Generation And Design Setup
Phase 1.1 Core Generation And Design Setup | Checksum: 1754b68d9

Time (s): cpu = 00:00:00.02 ; elapsed = 00:00:00.02 . Memory (MB): peak = 2598.801 ; gain = 0.000 ; free physical = 3946 ; free virtual = 5663

Phase 1.2 Setup Constraints And Sort Netlist
Phase 1.2 Setup Constraints And Sort Netlist | Checksum: 1754b68d9

Time (s): cpu = 00:00:00.03 ; elapsed = 00:00:00.03 . Memory (MB): peak = 2598.801 ; gain = 0.000 ; free physical = 3946 ; free virtual = 5663
Phase 1 Initialization | Checksum: 1754b68d9

Time (s): cpu = 00:00:00.03 ; elapsed = 00:00:00.03 . Memory (MB): peak = 2598.801 ; gain = 0.000 ; free physical = 3946 ; free virtual = 5663

Phase 2 Timer Update And Timing Data Collection

Phase 2.1 Timer Update
Phase 2.1 Timer Update | Checksum: 1754b68d9

Time (s): cpu = 00:00:00.63 ; elapsed = 00:00:00.18 . Memory (MB): peak = 2598.801 ; gain = 0.000 ; free physical = 3947 ; free virtual = 5664

Phase 2.2 Timing Data Collection
Phase 2.2 Timing Data Collection | Checksum: 1754b68d9

Time (s): cpu = 00:00:00.65 ; elapsed = 00:00:00.2 . Memory (MB): peak = 2598.801 ; gain = 0.000 ; free physical = 3947 ; free virtual = 5664
Phase 2 Timer Update And Timing Data Collection | Checksum: 1754b68d9

Time (s): cpu = 00:00:00.65 ; elapsed = 00:00:00.2 . Memory (MB): peak = 2598.801 ; gain = 0.000 ; free physical = 3947 ; free virtual = 5664

Phase 3 Retarget
INFO: [Opt 31-1851] Number of loadless carry chains removed were: 0
INFO: [Opt 31-1834] Total Chains To Be Transformed Were: 0 AND Number of Transformed insts Created are: 0
INFO: [Opt 31-138] Pushed 0 inverter(s) to 0 load pin(s).
INFO: [Opt 31-49] Retargeted 0 cell(s).
Phase 3 Retarget | Checksum: 20ea5fc8b

Time (s): cpu = 00:00:00.85 ; elapsed = 00:00:00.36 . Memory (MB): peak = 2598.801 ; gain = 0.000 ; free physical = 3947 ; free virtual = 5664
Retarget | Checksum: 20ea5fc8b
INFO: [Opt 31-389] Phase Retarget created 4 cells and removed 29 cells

Phase 4 Constant propagation
INFO: [Opt 31-138] Pushed 0 inverter(s) to 0 load pin(s).
Phase 4 Constant propagation | Checksum: 192a70832

Time (s): cpu = 00:00:00.95 ; elapsed = 00:00:00.46 . Memory (MB): peak = 2598.801 ; gain = 0.000 ; free physical = 3947 ; free virtual = 5664
Constant propagation | Checksum: 192a70832
INFO: [Opt 31-389] Phase Constant propagation created 0 cells and removed 88 cells

Phase 5 Sweep
INFO: [Constraints 18-11670] Building netlist checker database with flags, 0x8
Done building netlist checker database: Time (s): cpu = 00:00:00 ; elapsed = 00:00:00 . Memory (MB): peak = 2598.801 ; gain = 0.000 ; free physical = 3947 ; free virtual = 5664
INFO: [Constraints 18-11670] Building netlist checker database with flags, 0x8
Done building netlist checker database: Time (s): cpu = 00:00:00 ; elapsed = 00:00:00.01 . Memory (MB): peak = 2598.801 ; gain = 0.000 ; free physical = 3947 ; free virtual = 5664
Phase 5 Sweep | Checksum: 21fb21557

Time (s): cpu = 00:00:01 ; elapsed = 00:00:00.71 . Memory (MB): peak = 2598.801 ; gain = 0.000 ; free physical = 3947 ; free virtual = 5664
Sweep | Checksum: 21fb21557
INFO: [Opt 31-389] Phase Sweep created 0 cells and removed 239 cells

Phase 6 BUFG optimization
Phase 6 BUFG optimization | Checksum: 21fb21557

Time (s): cpu = 00:00:01 ; elapsed = 00:00:00.79 . Memory (MB): peak = 2630.816 ; gain = 32.016 ; free physical = 3947 ; free virtual = 5664
BUFG optimization | Checksum: 21fb21557
INFO: [Opt 31-662] Phase BUFG optimization created 0 cells of which 0 are BUFGs and removed 0 cells.

Phase 7 Shift Register Optimization
INFO: [Opt 31-1064] SRL Remap converted 0 SRLs to 0 registers and converted 0 registers of register chains to 0 SRLs
Phase 7 Shift Register Optimization | Checksum: 21fb21557

Time (s): cpu = 00:00:01 ; elapsed = 00:00:00.8 . Memory (MB): peak = 2630.816 ; gain = 32.016 ; free physical = 3947 ; free virtual = 5664
Shift Register Optimization | Checksum: 21fb21557
INFO: [Opt 31-389] Phase Shift Register Optimization created 0 cells and removed 0 cells

Phase 8 Post Processing Netlist
Phase 8 Post Processing Netlist | Checksum: 1c004c4a6

Time (s): cpu = 00:00:01 ; elapsed = 00:00:00.83 . Memory (MB): peak = 2630.816 ; gain = 32.016 ; free physical = 3947 ; free virtual = 5664
Post Processing Netlist | Checksum: 1c004c4a6
INFO: [Opt 31-389] Phase Post Processing Netlist created 0 cells and removed 0 cells

Phase 9 Finalization

Phase 9.1 Finalizing Design Cores and Updating Shapes
Phase 9.1 Finalizing Design Cores and Updating Shapes | Checksum: 240898ed7

Time (s): cpu = 00:00:02 ; elapsed = 00:00:01 . Memory (MB): peak = 2630.816 ; gain = 32.016 ; free physical = 3949 ; free virtual = 5666

Phase 9.2 Verifying Netlist Connectivity

Starting Connectivity Check Task

Time (s): cpu = 00:00:00.01 ; elapsed = 00:00:00.02 . Memory (MB): peak = 2630.816 ; gain = 0.000 ; free physical = 3949 ; free virtual = 5666
Phase 9.2 Verifying Netlist Connectivity | Checksum: 240898ed7

Time (s): cpu = 00:00:02 ; elapsed = 00:00:01 . Memory (MB): peak = 2630.816 ; gain = 32.016 ; free physical = 3949 ; free virtual = 5666
Phase 9 Finalization | Checksum: 240898ed7

Time (s): cpu = 00:00:02 ; elapsed = 00:00:01 . Memory (MB): peak = 2630.816 ; gain = 32.016 ; free physical = 3949 ; free virtual = 5666
Opt_design Change Summary
=========================


-------------------------------------------------------------------------------------------------------------------------
|  Phase                        |  #Cells created  |  #Cells Removed  |  #Constrained objects preventing optimizations  |
-------------------------------------------------------------------------------------------------------------------------
|  Retarget                     |               4  |              29  |                                              0  |
|  Constant propagation         |               0  |              88  |                                              0  |
|  Sweep                        |               0  |             239  |                                              0  |
|  BUFG optimization            |               0  |               0  |                                              0  |
|  Shift Register Optimization  |               0  |               0  |                                              0  |
|  Post Processing Netlist      |               0  |               0  |                                              0  |
-------------------------------------------------------------------------------------------------------------------------


Ending Logic Optimization Task | Checksum: 240898ed7

Time (s): cpu = 00:00:02 ; elapsed = 00:00:01 . Memory (MB): peak = 2630.816 ; gain = 32.016 ; free physical = 3949 ; free virtual = 5666

Starting Power Optimization Task
INFO: [Pwropt 34-132] Skipping clock gating for clocks with a period < 2.00 ns.
INFO: [Timing 38-35] Done setting XDC timing constraints.
Running Vector-less Activity Propagation...
INFO: [Pwropt 34-9] Applying IDT optimizations ...
INFO: [Pwropt 34-10] Applying ODC optimizations ...

Finished Running Vector-less Activity Propagation


Starting PowerOpt Patch Enables Task
INFO: [Pwropt 34-162] WRITE_MODE attribute of 0 BRAM(s) out of a total of 29 has been updated to save power. Run report_power_opt to get a complete listing of the BRAMs updated.
INFO: [Pwropt 34-201] Structural ODC has moved 0 WE to EN ports
Number of BRAM Ports augmented: 0 newly gated: 29 Total Ports: 58
Number of Flops added for Enable Generation: 16

Ending PowerOpt Patch Enables Task | Checksum: 1bfa16457

Time (s): cpu = 00:00:00.17 ; elapsed = 00:00:00.12 . Memory (MB): peak = 2945.809 ; gain = 0.000 ; free physical = 3736 ; free virtual = 5457
Ending Power Optimization Task | Checksum: 1bfa16457

Time (s): cpu = 00:00:04 ; elapsed = 00:00:02 . Memory (MB): peak = 2945.809 ; gain = 314.992 ; free physical = 3736 ; free virtual = 5458

Starting Final Cleanup Task

Starting Logic Optimization Task
INFO: [Timing 38-35] Done setting XDC timing constraints.
Ending Logic Optimization Task | Checksum: 1497ebed1

Time (s): cpu = 00:00:02 ; elapsed = 00:00:00.64 . Memory (MB): peak = 2945.809 ; gain = 0.000 ; free physical = 3729 ; free virtual = 5453
Ending Final Cleanup Task | Checksum: 1497ebed1

Time (s): cpu = 00:00:04 ; elapsed = 00:00:03 . Memory (MB): peak = 2945.809 ; gain = 0.000 ; free physical = 3729 ; free virtual = 5453

Starting Netlist Obfuscation Task
Netlist sorting complete. Time (s): cpu = 00:00:00 ; elapsed = 00:00:00 . Memory (MB): peak = 2945.809 ; gain = 0.000 ; free physical = 3729 ; free virtual = 5453
Ending Netlist Obfuscation Task | Checksum: 1497ebed1

Time (s): cpu = 00:00:00 ; elapsed = 00:00:00 . Memory (MB): peak = 2945.809 ; gain = 0.000 ; free physical = 3729 ; free virtual = 5453
INFO: [Common 17-83] Releasing license: Implementation
41 Infos, 0 Warnings, 0 Critical Warnings and 0 Errors encountered.
opt_design completed successfully
opt_design: Time (s): cpu = 00:00:22 ; elapsed = 00:00:16 . Memory (MB): peak = 2945.809 ; gain = 1216.125 ; free physical = 3729 ; free virtual = 5453
INFO: [Vivado 12-24828] Executing command : report_drc -file wafer_npu_bd_wrapper_drc_opted.rpt -pb wafer_npu_bd_wrapper_drc_opted.pb -rpx wafer_npu_bd_wrapper_drc_opted.rpx
Command: report_drc -file wafer_npu_bd_wrapper_drc_opted.rpt -pb wafer_npu_bd_wrapper_drc_opted.pb -rpx wafer_npu_bd_wrapper_drc_opted.rpx
INFO: [IP_Flow 19-1839] IP Catalog is up to date.
INFO: [DRC 23-27] Running DRC with 8 threads
INFO: [Vivado_Tcl 2-168] The results of DRC are in file /home/kimyujeong/workspace_ondevice_2/09.wafer_npu_project/C_vivado/C_vivado.runs/impl_1/wafer_npu_bd_wrapper_drc_opted.rpt.
report_drc completed successfully
INFO: [Timing 38-480] Writing timing data to binary archive.
Wrote PlaceDB: Time (s): cpu = 00:00:00.06 ; elapsed = 00:00:00.01 . Memory (MB): peak = 2945.809 ; gain = 0.000 ; free physical = 3726 ; free virtual = 5452
Wrote PulsedLatchDB: Time (s): cpu = 00:00:00 ; elapsed = 00:00:00 . Memory (MB): peak = 2945.809 ; gain = 0.000 ; free physical = 3726 ; free virtual = 5452
Writing XDEF routing.
Write ShapeDB Complete: Time (s): cpu = 00:00:00.11 ; elapsed = 00:00:00.02 . Memory (MB): peak = 2945.809 ; gain = 0.000 ; free physical = 3725 ; free virtual = 5452
Writing XDEF routing logical nets.
Writing XDEF routing special nets.
Wrote RouteStorage: Time (s): cpu = 00:00:00.12 ; elapsed = 00:00:00.03 . Memory (MB): peak = 2945.809 ; gain = 0.000 ; free physical = 3725 ; free virtual = 5452
Wrote Netlist Cache: Time (s): cpu = 00:00:00 ; elapsed = 00:00:00 . Memory (MB): peak = 2945.809 ; gain = 0.000 ; free physical = 3725 ; free virtual = 5452
Wrote Device Cache: Time (s): cpu = 00:00:00.03 ; elapsed = 00:00:00.01 . Memory (MB): peak = 2945.809 ; gain = 0.000 ; free physical = 3725 ; free virtual = 5453
Write Physdb Complete: Time (s): cpu = 00:00:00.22 ; elapsed = 00:00:00.06 . Memory (MB): peak = 2945.809 ; gain = 0.000 ; free physical = 3725 ; free virtual = 5453
INFO: [Common 17-1381] The checkpoint '/home/kimyujeong/workspace_ondevice_2/09.wafer_npu_project/C_vivado/C_vivado.runs/impl_1/wafer_npu_bd_wrapper_opt.dcp' has been generated.
Command: place_design
Attempting to get a license for feature 'Implementation' and/or device 'xc7z020'
INFO: [Common 17-349] Got license for feature 'Implementation' and/or device 'xc7z020'
INFO: [Common 17-83] Releasing license: Implementation
INFO: [DRC 23-27] Running DRC with 8 threads
INFO: [Vivado_Tcl 4-198] DRC finished with 0 Errors
INFO: [Vivado_Tcl 4-199] Please refer to the DRC report (report_drc) for more information.
Running DRC as a precondition to command place_design
INFO: [DRC 23-27] Running DRC with 8 threads
INFO: [Vivado_Tcl 4-198] DRC finished with 0 Errors, 42 Warnings
INFO: [Vivado_Tcl 4-199] Please refer to the DRC report (report_drc) for more information.
INFO: [Place 30-611] Multithreading enabled for place_design using a maximum of 8 CPUs

Starting Placer Task

Phase 1 Placer Initialization

Phase 1.1 Placer Initialization Netlist Sorting
Netlist sorting complete. Time (s): cpu = 00:00:00 ; elapsed = 00:00:00 . Memory (MB): peak = 2945.809 ; gain = 0.000 ; free physical = 3724 ; free virtual = 5453
Phase 1.1 Placer Initialization Netlist Sorting | Checksum: fb469d22

Time (s): cpu = 00:00:00.01 ; elapsed = 00:00:00.01 . Memory (MB): peak = 2945.809 ; gain = 0.000 ; free physical = 3724 ; free virtual = 5453
Netlist sorting complete. Time (s): cpu = 00:00:00 ; elapsed = 00:00:00 . Memory (MB): peak = 2945.809 ; gain = 0.000 ; free physical = 3724 ; free virtual = 5453

Phase 1.2 IO Placement/ Clock Placement/ Build Placer Device
INFO: [Timing 38-35] Done setting XDC timing constraints.
Phase 1.2 IO Placement/ Clock Placement/ Build Placer Device | Checksum: bbb7719a

Time (s): cpu = 00:00:02 ; elapsed = 00:00:00.83 . Memory (MB): peak = 2945.809 ; gain = 0.000 ; free physical = 3725 ; free virtual = 5455

Phase 1.3 Build Placer Netlist Model
Phase 1.3 Build Placer Netlist Model | Checksum: ec198bda

Time (s): cpu = 00:00:05 ; elapsed = 00:00:02 . Memory (MB): peak = 2945.809 ; gain = 0.000 ; free physical = 3722 ; free virtual = 5453

Phase 1.4 Constrain Clocks/Macros
Phase 1.4 Constrain Clocks/Macros | Checksum: ec198bda

Time (s): cpu = 00:00:05 ; elapsed = 00:00:02 . Memory (MB): peak = 2945.809 ; gain = 0.000 ; free physical = 3722 ; free virtual = 5453
Phase 1 Placer Initialization | Checksum: ec198bda

Time (s): cpu = 00:00:05 ; elapsed = 00:00:02 . Memory (MB): peak = 2945.809 ; gain = 0.000 ; free physical = 3722 ; free virtual = 5454

Phase 2 Global Placement

Phase 2.1 Floorplanning
Phase 2.1 Floorplanning | Checksum: 18e947e06

Time (s): cpu = 00:00:07 ; elapsed = 00:00:03 . Memory (MB): peak = 2945.809 ; gain = 0.000 ; free physical = 3742 ; free virtual = 5474

Phase 2.2 Update Timing before SLR Path Opt
Phase 2.2 Update Timing before SLR Path Opt | Checksum: 1671ef6f0

Time (s): cpu = 00:00:08 ; elapsed = 00:00:03 . Memory (MB): peak = 2945.809 ; gain = 0.000 ; free physical = 3742 ; free virtual = 5474

Phase 2.3 Post-Processing in Floorplanning
Phase 2.3 Post-Processing in Floorplanning | Checksum: 1671ef6f0

Time (s): cpu = 00:00:08 ; elapsed = 00:00:03 . Memory (MB): peak = 2945.809 ; gain = 0.000 ; free physical = 3741 ; free virtual = 5473

Phase 2.4 Global Place Phase1
Phase 2.4 Global Place Phase1 | Checksum: 1fc37d3ff

Time (s): cpu = 00:00:19 ; elapsed = 00:00:07 . Memory (MB): peak = 2945.809 ; gain = 0.000 ; free physical = 3702 ; free virtual = 5435

Phase 2.5 Global Place Phase2

Phase 2.5.1 UpdateTiming Before Physical Synthesis
Phase 2.5.1 UpdateTiming Before Physical Synthesis | Checksum: 1fc37d3ff

Time (s): cpu = 00:00:20 ; elapsed = 00:00:07 . Memory (MB): peak = 2945.809 ; gain = 0.000 ; free physical = 3702 ; free virtual = 5435

Phase 2.5.2 Physical Synthesis In Placer
INFO: [Physopt 32-1035] Found 0 LUTNM shape to break, 332 LUT instances to create LUTNM shape
INFO: [Physopt 32-1044] Break lutnm for timing: one critical 0, two critical 0, total 0, new lutff created 0
INFO: [Physopt 32-1138] End 1 Pass. Optimized 148 nets or LUTs. Breaked 0 LUT, combined 148 existing LUTs and moved 0 existing LUT
INFO: [Physopt 32-65] No nets found for high-fanout optimization.
INFO: [Physopt 32-232] Optimized 0 net. Created 0 new instance.
INFO: [Physopt 32-775] End 1 Pass. Optimized 0 net or cell. Created 0 new cell, deleted 0 existing cell and moved 0 existing cell
INFO: [Physopt 32-670] No setup violation found.  DSP Register Optimization was not performed.
INFO: [Physopt 32-670] No setup violation found.  Shift Register to Pipeline Optimization was not performed.
INFO: [Physopt 32-670] No setup violation found.  Shift Register Optimization was not performed.
INFO: [Physopt 32-670] No setup violation found.  BRAM Register Optimization was not performed.
INFO: [Physopt 32-670] No setup violation found.  URAM Register Optimization was not performed.
INFO: [Physopt 32-949] No candidate nets found for dynamic/static region interface net replication
INFO: [Physopt 32-775] End 1 Pass. Optimized 0 net or cell. Created 0 new cell, deleted 0 existing cell and moved 0 existing cell
Netlist sorting complete. Time (s): cpu = 00:00:00 ; elapsed = 00:00:00.01 . Memory (MB): peak = 2945.809 ; gain = 0.000 ; free physical = 3700 ; free virtual = 5435

Summary of Physical Synthesis Optimizations
============================================


-----------------------------------------------------------------------------------------------------------------------------------------------------------
|  Optimization                                     |  Added Cells  |  Removed Cells  |  Optimized Cells/Nets  |  Dont Touch  |  Iterations  |  Elapsed   |
-----------------------------------------------------------------------------------------------------------------------------------------------------------
|  LUT Combining                                    |            0  |            148  |                   148  |           0  |           1  |  00:00:00  |
|  Retime                                           |            0  |              0  |                     0  |           0  |           1  |  00:00:00  |
|  Very High Fanout                                 |            0  |              0  |                     0  |           0  |           1  |  00:00:00  |
|  DSP Register                                     |            0  |              0  |                     0  |           0  |           0  |  00:00:00  |
|  Shift Register to Pipeline                       |            0  |              0  |                     0  |           0  |           0  |  00:00:00  |
|  Shift Register                                   |            0  |              0  |                     0  |           0  |           0  |  00:00:00  |
|  BRAM Register                                    |            0  |              0  |                     0  |           0  |           0  |  00:00:00  |
|  URAM Register                                    |            0  |              0  |                     0  |           0  |           0  |  00:00:00  |
|  Dynamic/Static Region Interface Net Replication  |            0  |              0  |                     0  |           0  |           1  |  00:00:00  |
|  Total                                            |            0  |            148  |                   148  |           0  |           4  |  00:00:00  |
-----------------------------------------------------------------------------------------------------------------------------------------------------------


Phase 2.5.2 Physical Synthesis In Placer | Checksum: 110ef5064

Time (s): cpu = 00:00:22 ; elapsed = 00:00:08 . Memory (MB): peak = 2945.809 ; gain = 0.000 ; free physical = 3701 ; free virtual = 5436
Phase 2.5 Global Place Phase2 | Checksum: de667db3

Time (s): cpu = 00:00:23 ; elapsed = 00:00:08 . Memory (MB): peak = 2945.809 ; gain = 0.000 ; free physical = 3700 ; free virtual = 5436
Phase 2 Global Placement | Checksum: de667db3

Time (s): cpu = 00:00:23 ; elapsed = 00:00:08 . Memory (MB): peak = 2945.809 ; gain = 0.000 ; free physical = 3700 ; free virtual = 5436

Phase 3 Detail Placement

Phase 3.1 Commit Multi Column Macros
Phase 3.1 Commit Multi Column Macros | Checksum: d676f583

Time (s): cpu = 00:00:24 ; elapsed = 00:00:08 . Memory (MB): peak = 2945.809 ; gain = 0.000 ; free physical = 3701 ; free virtual = 5437

Phase 3.2 Commit Most Macros & LUTRAMs
Phase 3.2 Commit Most Macros & LUTRAMs | Checksum: 1f8d72a3d

Time (s): cpu = 00:00:27 ; elapsed = 00:00:09 . Memory (MB): peak = 2945.809 ; gain = 0.000 ; free physical = 3701 ; free virtual = 5437

Phase 3.3 Area Swap Optimization
Phase 3.3 Area Swap Optimization | Checksum: 1448cb910

Time (s): cpu = 00:00:27 ; elapsed = 00:00:10 . Memory (MB): peak = 2945.809 ; gain = 0.000 ; free physical = 3701 ; free virtual = 5437

Phase 3.4 Pipeline Register Optimization
Phase 3.4 Pipeline Register Optimization | Checksum: 140794412

Time (s): cpu = 00:00:27 ; elapsed = 00:00:10 . Memory (MB): peak = 2945.809 ; gain = 0.000 ; free physical = 3701 ; free virtual = 5437

Phase 3.5 Small Shape Detail Placement
Phase 3.5 Small Shape Detail Placement | Checksum: 17c8b96a9

Time (s): cpu = 00:00:28 ; elapsed = 00:00:11 . Memory (MB): peak = 2945.809 ; gain = 0.000 ; free physical = 3694 ; free virtual = 5435

Phase 3.6 Re-assign LUT pins
Phase 3.6 Re-assign LUT pins | Checksum: e7c156dd

Time (s): cpu = 00:00:29 ; elapsed = 00:00:11 . Memory (MB): peak = 2945.809 ; gain = 0.000 ; free physical = 3692 ; free virtual = 5434

Phase 3.7 Pipeline Register Optimization
Phase 3.7 Pipeline Register Optimization | Checksum: db85ebcf

Time (s): cpu = 00:00:29 ; elapsed = 00:00:11 . Memory (MB): peak = 2945.809 ; gain = 0.000 ; free physical = 3692 ; free virtual = 5434
Phase 3 Detail Placement | Checksum: db85ebcf

Time (s): cpu = 00:00:29 ; elapsed = 00:00:11 . Memory (MB): peak = 2945.809 ; gain = 0.000 ; free physical = 3692 ; free virtual = 5434

Phase 4 Post Placement Optimization and Clean-Up

Phase 4.1 Post Commit Optimization
INFO: [Timing 38-35] Done setting XDC timing constraints.

Phase 4.1.1 Post Placement Optimization
Post Placement Optimization Initialization | Checksum: 591283a1

Phase 4.1.1.1 BUFG Insertion

Starting Physical Synthesis Task

Phase 1 Physical Synthesis Initialization
INFO: [Physopt 32-721] Multithreading enabled for phys_opt_design using a maximum of 8 CPUs
INFO: [Physopt 32-619] Estimated Timing Summary | WNS=3.653 | TNS=0.000 |
Phase 1 Physical Synthesis Initialization | Checksum: 7870b857

Time (s): cpu = 00:00:00.55 ; elapsed = 00:00:00.16 . Memory (MB): peak = 2945.809 ; gain = 0.000 ; free physical = 3692 ; free virtual = 5434
INFO: [Place 46-33] Processed net wafer_npu_bd_i/cnn_npu_0/inst/cnn_inst/conv3_inst/sw_reset_stretch_reg[0], BUFG insertion was skipped due to placement/routing conflicts.
INFO: [Place 46-56] BUFG insertion identified 1 candidate nets. Inserted BUFG: 0, Replicated BUFG Driver: 0, Skipped due to Placement/Routing Conflicts: 1, Skipped due to Timing Degradation: 0, Skipped due to netlist editing failed: 0.
Ending Physical Synthesis Task | Checksum: 8662a0d3

Time (s): cpu = 00:00:00.86 ; elapsed = 00:00:00.3 . Memory (MB): peak = 2945.809 ; gain = 0.000 ; free physical = 3690 ; free virtual = 5432
Phase 4.1.1.1 BUFG Insertion | Checksum: 591283a1

Time (s): cpu = 00:00:34 ; elapsed = 00:00:13 . Memory (MB): peak = 2945.809 ; gain = 0.000 ; free physical = 3690 ; free virtual = 5432

Phase 4.1.1.2 Post Placement Timing Optimization
INFO: [Place 30-746] Post Placement Timing Summary WNS=3.653. For the most accurate timing information please run report_timing.
Phase 4.1.1.2 Post Placement Timing Optimization | Checksum: 12592618e

Time (s): cpu = 00:00:34 ; elapsed = 00:00:13 . Memory (MB): peak = 2945.809 ; gain = 0.000 ; free physical = 3690 ; free virtual = 5433

Time (s): cpu = 00:00:34 ; elapsed = 00:00:13 . Memory (MB): peak = 2945.809 ; gain = 0.000 ; free physical = 3690 ; free virtual = 5433
Phase 4.1 Post Commit Optimization | Checksum: 12592618e

Time (s): cpu = 00:00:34 ; elapsed = 00:00:13 . Memory (MB): peak = 2945.809 ; gain = 0.000 ; free physical = 3690 ; free virtual = 5433

Phase 4.2 Post Placement Cleanup
Phase 4.2 Post Placement Cleanup | Checksum: 12592618e

Time (s): cpu = 00:00:34 ; elapsed = 00:00:13 . Memory (MB): peak = 2945.809 ; gain = 0.000 ; free physical = 3690 ; free virtual = 5433

Phase 4.3 Placer Reporting

Phase 4.3.1 Print Estimated Congestion
INFO: [Place 30-612] Post-Placement Estimated Congestion 
 ____________________________________________________
|           | Global Congestion | Short Congestion  |
| Direction | Region Size       | Region Size       |
|___________|___________________|___________________|
|      North|                1x1|                2x2|
|___________|___________________|___________________|
|      South|                1x1|                1x1|
|___________|___________________|___________________|
|       East|                1x1|                1x1|
|___________|___________________|___________________|
|       West|                1x1|                1x1|
|___________|___________________|___________________|

Phase 4.3.1 Print Estimated Congestion | Checksum: 12592618e

Time (s): cpu = 00:00:34 ; elapsed = 00:00:13 . Memory (MB): peak = 2945.809 ; gain = 0.000 ; free physical = 3690 ; free virtual = 5433
Phase 4.3 Placer Reporting | Checksum: 12592618e

Time (s): cpu = 00:00:34 ; elapsed = 00:00:13 . Memory (MB): peak = 2945.809 ; gain = 0.000 ; free physical = 3690 ; free virtual = 5433

Phase 4.4 Final Placement Cleanup
Netlist sorting complete. Time (s): cpu = 00:00:00 ; elapsed = 00:00:00 . Memory (MB): peak = 2945.809 ; gain = 0.000 ; free physical = 3690 ; free virtual = 5433

Time (s): cpu = 00:00:34 ; elapsed = 00:00:13 . Memory (MB): peak = 2945.809 ; gain = 0.000 ; free physical = 3690 ; free virtual = 5433
Phase 4 Post Placement Optimization and Clean-Up | Checksum: 1f73cf130

Time (s): cpu = 00:00:34 ; elapsed = 00:00:13 . Memory (MB): peak = 2945.809 ; gain = 0.000 ; free physical = 3690 ; free virtual = 5433
Ending Placer Task | Checksum: 109d50ec6

Time (s): cpu = 00:00:34 ; elapsed = 00:00:13 . Memory (MB): peak = 2945.809 ; gain = 0.000 ; free physical = 3690 ; free virtual = 5433
77 Infos, 0 Warnings, 0 Critical Warnings and 0 Errors encountered.
place_design completed successfully
place_design: Time (s): cpu = 00:00:38 ; elapsed = 00:00:14 . Memory (MB): peak = 2945.809 ; gain = 0.000 ; free physical = 3690 ; free virtual = 5433
INFO: [Vivado 12-24838] Running report commands "report_control_sets, report_io, report_utilization" in parallel.
Running report generation with 3 threads.
INFO: [Vivado 12-24828] Executing command : report_control_sets -verbose -file wafer_npu_bd_wrapper_control_sets_placed.rpt
report_control_sets: Time (s): cpu = 00:00:00.14 ; elapsed = 00:00:00.18 . Memory (MB): peak = 2945.809 ; gain = 0.000 ; free physical = 3677 ; free virtual = 5419
INFO: [Vivado 12-24828] Executing command : report_io -file wafer_npu_bd_wrapper_io_placed.rpt
report_io: Time (s): cpu = 00:00:00.2 ; elapsed = 00:00:00.26 . Memory (MB): peak = 2945.809 ; gain = 0.000 ; free physical = 3681 ; free virtual = 5423
INFO: [Vivado 12-24828] Executing command : report_utilization -file wafer_npu_bd_wrapper_utilization_placed.rpt -pb wafer_npu_bd_wrapper_utilization_placed.pb
INFO: [Timing 38-480] Writing timing data to binary archive.
Write ShapeDB Complete: Time (s): cpu = 00:00:00.13 ; elapsed = 00:00:00.03 . Memory (MB): peak = 2945.809 ; gain = 0.000 ; free physical = 3693 ; free virtual = 5437
Wrote PlaceDB: Time (s): cpu = 00:00:01 ; elapsed = 00:00:00.5 . Memory (MB): peak = 2945.809 ; gain = 0.000 ; free physical = 3653 ; free virtual = 5408
Wrote PulsedLatchDB: Time (s): cpu = 00:00:00 ; elapsed = 00:00:00 . Memory (MB): peak = 2945.809 ; gain = 0.000 ; free physical = 3653 ; free virtual = 5408
Writing XDEF routing.
Writing XDEF routing logical nets.
Writing XDEF routing special nets.
Wrote RouteStorage: Time (s): cpu = 00:00:00.02 ; elapsed = 00:00:00.02 . Memory (MB): peak = 2945.809 ; gain = 0.000 ; free physical = 3653 ; free virtual = 5408
Wrote Netlist Cache: Time (s): cpu = 00:00:00.01 ; elapsed = 00:00:00.02 . Memory (MB): peak = 2945.809 ; gain = 0.000 ; free physical = 3653 ; free virtual = 5409
Wrote Device Cache: Time (s): cpu = 00:00:00.01 ; elapsed = 00:00:00 . Memory (MB): peak = 2945.809 ; gain = 0.000 ; free physical = 3645 ; free virtual = 5402
Write Physdb Complete: Time (s): cpu = 00:00:01 ; elapsed = 00:00:00.55 . Memory (MB): peak = 2945.809 ; gain = 0.000 ; free physical = 3645 ; free virtual = 5402
INFO: [Common 17-1381] The checkpoint '/home/kimyujeong/workspace_ondevice_2/09.wafer_npu_project/C_vivado/C_vivado.runs/impl_1/wafer_npu_bd_wrapper_placed.dcp' has been generated.
Command: phys_opt_design
Attempting to get a license for feature 'Implementation' and/or device 'xc7z020'
INFO: [Common 17-349] Got license for feature 'Implementation' and/or device 'xc7z020'

Starting Initial Update Timing Task

Time (s): cpu = 00:00:03 ; elapsed = 00:00:00.73 . Memory (MB): peak = 2945.809 ; gain = 0.000 ; free physical = 3649 ; free virtual = 5396
INFO: [Vivado_Tcl 4-2279] Estimated Timing Summary | WNS= 3.653 | TNS= 0.000 | 
INFO: [Vivado_Tcl 4-383] Design worst setup slack (WNS) is greater than or equal to 0.000 ns. All physical synthesis setup optimizations will be skipped.
INFO: [Vivado_Tcl 4-232] No setup violation found. The netlist was not modified.
INFO: [Common 17-83] Releasing license: Implementation
88 Infos, 0 Warnings, 0 Critical Warnings and 0 Errors encountered.
phys_opt_design completed successfully
INFO: [Timing 38-480] Writing timing data to binary archive.
Write ShapeDB Complete: Time (s): cpu = 00:00:00.14 ; elapsed = 00:00:00.03 . Memory (MB): peak = 2945.809 ; gain = 0.000 ; free physical = 3646 ; free virtual = 5394
Wrote PlaceDB: Time (s): cpu = 00:00:01 ; elapsed = 00:00:00.51 . Memory (MB): peak = 2945.809 ; gain = 0.000 ; free physical = 3610 ; free virtual = 5369
Wrote PulsedLatchDB: Time (s): cpu = 00:00:00 ; elapsed = 00:00:00 . Memory (MB): peak = 2945.809 ; gain = 0.000 ; free physical = 3610 ; free virtual = 5369
Writing XDEF routing.
Writing XDEF routing logical nets.
Writing XDEF routing special nets.
Wrote RouteStorage: Time (s): cpu = 00:00:00.02 ; elapsed = 00:00:00.02 . Memory (MB): peak = 2945.809 ; gain = 0.000 ; free physical = 3610 ; free virtual = 5369
Wrote Netlist Cache: Time (s): cpu = 00:00:00.02 ; elapsed = 00:00:00.01 . Memory (MB): peak = 2945.809 ; gain = 0.000 ; free physical = 3611 ; free virtual = 5370
Wrote Device Cache: Time (s): cpu = 00:00:00 ; elapsed = 00:00:00.01 . Memory (MB): peak = 2945.809 ; gain = 0.000 ; free physical = 3611 ; free virtual = 5371
Write Physdb Complete: Time (s): cpu = 00:00:01 ; elapsed = 00:00:00.57 . Memory (MB): peak = 2945.809 ; gain = 0.000 ; free physical = 3603 ; free virtual = 5363
INFO: [Common 17-1381] The checkpoint '/home/kimyujeong/workspace_ondevice_2/09.wafer_npu_project/C_vivado/C_vivado.runs/impl_1/wafer_npu_bd_wrapper_physopt.dcp' has been generated.
Command: route_design
Attempting to get a license for feature 'Implementation' and/or device 'xc7z020'
INFO: [Common 17-349] Got license for feature 'Implementation' and/or device 'xc7z020'


Starting Routing Task
INFO: [Route 35-254] Multithreading enabled for route_design using a maximum of 8 CPUs

Phase 1 Build RT Design
Checksum: PlaceDB: 18e07a09 ConstDB: 0 ShapeSum: dafb21cd RouteDB: 15f972f0
Post Restoration Checksum: NetGraph: fbff6d7c | NumContArr: c4abb179 | Constraints: c2a8fa9d | Timing: c2a8fa9d
Phase 1 Build RT Design | Checksum: 345fd142f

Time (s): cpu = 00:00:26 ; elapsed = 00:00:20 . Memory (MB): peak = 2945.809 ; gain = 0.000 ; free physical = 3596 ; free virtual = 5352

Phase 2 Router Initialization

Phase 2.1 Fix Topology Constraints
Phase 2.1 Fix Topology Constraints | Checksum: 345fd142f

Time (s): cpu = 00:00:26 ; elapsed = 00:00:20 . Memory (MB): peak = 2945.809 ; gain = 0.000 ; free physical = 3596 ; free virtual = 5352

Phase 2.2 Pre Route Cleanup
Phase 2.2 Pre Route Cleanup | Checksum: 345fd142f

Time (s): cpu = 00:00:26 ; elapsed = 00:00:20 . Memory (MB): peak = 2945.809 ; gain = 0.000 ; free physical = 3597 ; free virtual = 5352
 Number of Nodes with overlaps = 0

Phase 2.3 Update Timing
Phase 2.3 Update Timing | Checksum: 1d80b3aff

Time (s): cpu = 00:00:32 ; elapsed = 00:00:22 . Memory (MB): peak = 2945.809 ; gain = 0.000 ; free physical = 3576 ; free virtual = 5333
INFO: [Route 35-416] Intermediate Timing Summary | WNS=3.981  | TNS=0.000  | WHS=-0.232 | THS=-49.216|


Router Utilization Summary
  Global Vertical Routing Utilization    = 0 %
  Global Horizontal Routing Utilization  = 0 %
  Routable Net Status*
  *Does not include unroutable nets such as driverless and loadless.
  Run report_route_status for detailed report.
  Number of Failed Nets               = 8743
    (Failed Nets is the sum of unrouted and partially routed nets)
  Number of Unrouted Nets             = 8742
  Number of Partially Routed Nets     = 1
  Number of Node Overlaps             = 0

Phase 2 Router Initialization | Checksum: 1b523e40b

Time (s): cpu = 00:00:34 ; elapsed = 00:00:23 . Memory (MB): peak = 2945.809 ; gain = 0.000 ; free physical = 3562 ; free virtual = 5318

Phase 3 Global Routing
Phase 3 Global Routing | Checksum: 1b523e40b

Time (s): cpu = 00:00:34 ; elapsed = 00:00:23 . Memory (MB): peak = 2945.809 ; gain = 0.000 ; free physical = 3562 ; free virtual = 5318

Phase 4 Initial Routing

Phase 4.1 Initial Net Routing Pass
Phase 4.1 Initial Net Routing Pass | Checksum: 1d900643a

Time (s): cpu = 00:00:37 ; elapsed = 00:00:23 . Memory (MB): peak = 2945.809 ; gain = 0.000 ; free physical = 3563 ; free virtual = 5319
Phase 4 Initial Routing | Checksum: 1d900643a

Time (s): cpu = 00:00:37 ; elapsed = 00:00:23 . Memory (MB): peak = 2945.809 ; gain = 0.000 ; free physical = 3563 ; free virtual = 5319

Phase 5 Rip-up And Reroute

Phase 5.1 Global Iteration 0
 Number of Nodes with overlaps = 1113
 Number of Nodes with overlaps = 321
 Number of Nodes with overlaps = 132
 Number of Nodes with overlaps = 63
 Number of Nodes with overlaps = 15
 Number of Nodes with overlaps = 9
 Number of Nodes with overlaps = 5
 Number of Nodes with overlaps = 1
 Number of Nodes with overlaps = 0
INFO: [Route 35-416] Intermediate Timing Summary | WNS=3.632  | TNS=0.000  | WHS=N/A    | THS=N/A    |

Phase 5.1 Global Iteration 0 | Checksum: 127c338a9

Time (s): cpu = 00:00:50 ; elapsed = 00:00:29 . Memory (MB): peak = 2945.809 ; gain = 0.000 ; free physical = 3566 ; free virtual = 5323
Phase 5 Rip-up And Reroute | Checksum: 127c338a9

Time (s): cpu = 00:00:50 ; elapsed = 00:00:29 . Memory (MB): peak = 2945.809 ; gain = 0.000 ; free physical = 3566 ; free virtual = 5323

Phase 6 Delay and Skew Optimization

Phase 6.1 Delay CleanUp

Phase 6.1.1 Update Timing
Phase 6.1.1 Update Timing | Checksum: 18f17e734

Time (s): cpu = 00:00:51 ; elapsed = 00:00:29 . Memory (MB): peak = 2945.809 ; gain = 0.000 ; free physical = 3554 ; free virtual = 5311
INFO: [Route 35-416] Intermediate Timing Summary | WNS=3.645  | TNS=0.000  | WHS=N/A    | THS=N/A    |

Phase 6.1 Delay CleanUp | Checksum: 18f17e734

Time (s): cpu = 00:00:51 ; elapsed = 00:00:29 . Memory (MB): peak = 2945.809 ; gain = 0.000 ; free physical = 3554 ; free virtual = 5311

Phase 6.2 Clock Skew Optimization
Phase 6.2 Clock Skew Optimization | Checksum: 18f17e734

Time (s): cpu = 00:00:51 ; elapsed = 00:00:29 . Memory (MB): peak = 2945.809 ; gain = 0.000 ; free physical = 3554 ; free virtual = 5311
Phase 6 Delay and Skew Optimization | Checksum: 18f17e734

Time (s): cpu = 00:00:51 ; elapsed = 00:00:29 . Memory (MB): peak = 2945.809 ; gain = 0.000 ; free physical = 3554 ; free virtual = 5311

Phase 7 Post Hold Fix

Phase 7.1 Hold Fix Iter
INFO: [Route 35-416] Intermediate Timing Summary | WNS=3.645  | TNS=0.000  | WHS=0.021  | THS=0.000  |

Phase 7.1 Hold Fix Iter | Checksum: 158dc133b

Time (s): cpu = 00:00:52 ; elapsed = 00:00:29 . Memory (MB): peak = 2945.809 ; gain = 0.000 ; free physical = 3554 ; free virtual = 5312
Phase 7 Post Hold Fix | Checksum: 158dc133b

Time (s): cpu = 00:00:52 ; elapsed = 00:00:29 . Memory (MB): peak = 2945.809 ; gain = 0.000 ; free physical = 3554 ; free virtual = 5312

Phase 8 Route finalize

Router Utilization Summary
  Global Vertical Routing Utilization    = 1.67583 %
  Global Horizontal Routing Utilization  = 2.19422 %
  Routable Net Status*
  *Does not include unroutable nets such as driverless and loadless.
  Run report_route_status for detailed report.
  Number of Failed Nets               = 0
    (Failed Nets is the sum of unrouted and partially routed nets)
  Number of Unrouted Nets             = 0
  Number of Partially Routed Nets     = 0
  Number of Node Overlaps             = 0

Phase 8 Route finalize | Checksum: 158dc133b

Time (s): cpu = 00:00:53 ; elapsed = 00:00:29 . Memory (MB): peak = 2945.809 ; gain = 0.000 ; free physical = 3554 ; free virtual = 5312

Phase 9 Verifying routed nets

 Verification completed successfully
Phase 9 Verifying routed nets | Checksum: 158dc133b

Time (s): cpu = 00:00:53 ; elapsed = 00:00:29 . Memory (MB): peak = 2945.809 ; gain = 0.000 ; free physical = 3554 ; free virtual = 5312

Phase 10 Depositing Routes
Phase 10 Depositing Routes | Checksum: 150e0e5bf

Time (s): cpu = 00:00:54 ; elapsed = 00:00:30 . Memory (MB): peak = 2945.809 ; gain = 0.000 ; free physical = 3554 ; free virtual = 5312

Phase 11 Post Process Routing
Phase 11 Post Process Routing | Checksum: 150e0e5bf

Time (s): cpu = 00:00:54 ; elapsed = 00:00:30 . Memory (MB): peak = 2945.809 ; gain = 0.000 ; free physical = 3554 ; free virtual = 5312

Phase 12 Post Router Timing
INFO: [Route 35-57] Estimated Timing Summary | WNS=3.645  | TNS=0.000  | WHS=0.021  | THS=0.000  |

INFO: [Route 35-327] The final timing numbers are based on the router estimated timing analysis. For a complete and accurate timing signoff, please run report_timing_summary.
Phase 12 Post Router Timing | Checksum: 150e0e5bf

Time (s): cpu = 00:00:54 ; elapsed = 00:00:30 . Memory (MB): peak = 2945.809 ; gain = 0.000 ; free physical = 3555 ; free virtual = 5312
Total Elapsed time in route_design: 30.07 secs

Phase 13 Post-Route Event Processing
Phase 13 Post-Route Event Processing | Checksum: 153b980bf

Time (s): cpu = 00:00:54 ; elapsed = 00:00:30 . Memory (MB): peak = 2945.809 ; gain = 0.000 ; free physical = 3555 ; free virtual = 5312
INFO: [Route 35-16] Router Completed Successfully
Ending Routing Task | Checksum: 153b980bf

Time (s): cpu = 00:00:54 ; elapsed = 00:00:30 . Memory (MB): peak = 2945.809 ; gain = 0.000 ; free physical = 3555 ; free virtual = 5312

Routing Is Done.
INFO: [Common 17-83] Releasing license: Implementation
100 Infos, 0 Warnings, 0 Critical Warnings and 0 Errors encountered.
route_design completed successfully
route_design: Time (s): cpu = 00:00:54 ; elapsed = 00:00:30 . Memory (MB): peak = 2945.809 ; gain = 0.000 ; free physical = 3555 ; free virtual = 5312
INFO: [Vivado 12-24828] Executing command : report_drc -file wafer_npu_bd_wrapper_drc_routed.rpt -pb wafer_npu_bd_wrapper_drc_routed.pb -rpx wafer_npu_bd_wrapper_drc_routed.rpx
Command: report_drc -file wafer_npu_bd_wrapper_drc_routed.rpt -pb wafer_npu_bd_wrapper_drc_routed.pb -rpx wafer_npu_bd_wrapper_drc_routed.rpx
INFO: [IP_Flow 19-1839] IP Catalog is up to date.
INFO: [DRC 23-27] Running DRC with 8 threads
INFO: [Vivado_Tcl 2-168] The results of DRC are in file /home/kimyujeong/workspace_ondevice_2/09.wafer_npu_project/C_vivado/C_vivado.runs/impl_1/wafer_npu_bd_wrapper_drc_routed.rpt.
report_drc completed successfully
INFO: [Vivado 12-24828] Executing command : report_methodology -file wafer_npu_bd_wrapper_methodology_drc_routed.rpt -pb wafer_npu_bd_wrapper_methodology_drc_routed.pb -rpx wafer_npu_bd_wrapper_methodology_drc_routed.rpx
Command: report_methodology -file wafer_npu_bd_wrapper_methodology_drc_routed.rpt -pb wafer_npu_bd_wrapper_methodology_drc_routed.pb -rpx wafer_npu_bd_wrapper_methodology_drc_routed.rpx
INFO: [Timing 38-35] Done setting XDC timing constraints.
INFO: [DRC 23-133] Running Methodology with 8 threads
INFO: [Vivado_Tcl 2-1520] The results of Report Methodology are in file /home/kimyujeong/workspace_ondevice_2/09.wafer_npu_project/C_vivado/C_vivado.runs/impl_1/wafer_npu_bd_wrapper_methodology_drc_routed.rpt.
report_methodology completed successfully
INFO: [Vivado 12-24828] Executing command : report_timing_summary -max_paths 10 -report_unconstrained -file wafer_npu_bd_wrapper_timing_summary_routed.rpt -pb wafer_npu_bd_wrapper_timing_summary_routed.pb -rpx wafer_npu_bd_wrapper_timing_summary_routed.rpx -warn_on_violation 
INFO: [Timing 38-35] Done setting XDC timing constraints.
INFO: [Timing 38-91] UpdateTimingParams: Speed grade: -1, Delay Type: min_max.
INFO: [Timing 38-191] Multithreading enabled for timing update using a maximum of 8 CPUs
INFO: [Vivado 12-24838] Running report commands "report_bus_skew, report_incremental_reuse, report_route_status" in parallel.
Running report generation with 3 threads.
INFO: [Vivado 12-24828] Executing command : report_incremental_reuse -file wafer_npu_bd_wrapper_incremental_reuse_routed.rpt
INFO: [Vivado_Tcl 4-1062] Incremental flow is disabled. No incremental reuse Info to report.
INFO: [Vivado 12-24828] Executing command : report_route_status -file wafer_npu_bd_wrapper_route_status.rpt -pb wafer_npu_bd_wrapper_route_status.pb
INFO: [Vivado 12-24828] Executing command : report_bus_skew -warn_on_violation -file wafer_npu_bd_wrapper_bus_skew_routed.rpt -pb wafer_npu_bd_wrapper_bus_skew_routed.pb -rpx wafer_npu_bd_wrapper_bus_skew_routed.rpx
INFO: [Timing 38-91] UpdateTimingParams: Speed grade: -1, Delay Type: min_max.
INFO: [Timing 38-191] Multithreading enabled for timing update using a maximum of 8 CPUs
INFO: [Vivado 12-24828] Executing command : report_power -file wafer_npu_bd_wrapper_power_routed.rpt -pb wafer_npu_bd_wrapper_power_summary_routed.pb -rpx wafer_npu_bd_wrapper_power_routed.rpx
Command: report_power -file wafer_npu_bd_wrapper_power_routed.rpt -pb wafer_npu_bd_wrapper_power_summary_routed.pb -rpx wafer_npu_bd_wrapper_power_routed.rpx
Running Vector-less Activity Propagation...

Finished Running Vector-less Activity Propagation
120 Infos, 0 Warnings, 0 Critical Warnings and 0 Errors encountered.
report_power completed successfully
INFO: [Vivado 12-24828] Executing command : report_clock_utilization -file wafer_npu_bd_wrapper_clock_utilization_routed.rpt
generate_parallel_reports: Time (s): cpu = 00:00:31 ; elapsed = 00:00:09 . Memory (MB): peak = 3026.051 ; gain = 80.242 ; free physical = 3456 ; free virtual = 5221
INFO: [Timing 38-480] Writing timing data to binary archive.
Write ShapeDB Complete: Time (s): cpu = 00:00:00.15 ; elapsed = 00:00:00.03 . Memory (MB): peak = 3026.051 ; gain = 0.000 ; free physical = 3456 ; free virtual = 5222
Wrote PlaceDB: Time (s): cpu = 00:00:01 ; elapsed = 00:00:00.51 . Memory (MB): peak = 3026.051 ; gain = 0.000 ; free physical = 3450 ; free virtual = 5226
Wrote PulsedLatchDB: Time (s): cpu = 00:00:00 ; elapsed = 00:00:00 . Memory (MB): peak = 3026.051 ; gain = 0.000 ; free physical = 3450 ; free virtual = 5226
Writing XDEF routing.
Writing XDEF routing logical nets.
Writing XDEF routing special nets.
Wrote RouteStorage: Time (s): cpu = 00:00:00.13 ; elapsed = 00:00:00.1 . Memory (MB): peak = 3026.051 ; gain = 0.000 ; free physical = 3450 ; free virtual = 5228
Wrote Netlist Cache: Time (s): cpu = 00:00:00.01 ; elapsed = 00:00:00.01 . Memory (MB): peak = 3026.051 ; gain = 0.000 ; free physical = 3451 ; free virtual = 5230
Wrote Device Cache: Time (s): cpu = 00:00:00.01 ; elapsed = 00:00:00.01 . Memory (MB): peak = 3026.051 ; gain = 0.000 ; free physical = 3451 ; free virtual = 5231
Write Physdb Complete: Time (s): cpu = 00:00:01 ; elapsed = 00:00:00.64 . Memory (MB): peak = 3026.051 ; gain = 0.000 ; free physical = 3451 ; free virtual = 5231
INFO: [Common 17-1381] The checkpoint '/home/kimyujeong/workspace_ondevice_2/09.wafer_npu_project/C_vivado/C_vivado.runs/impl_1/wafer_npu_bd_wrapper_routed.dcp' has been generated.
Command: write_bitstream -force wafer_npu_bd_wrapper.bit
Attempting to get a license for feature 'Implementation' and/or device 'xc7z020'
INFO: [Common 17-349] Got license for feature 'Implementation' and/or device 'xc7z020'
Running DRC as a precondition to command write_bitstream
INFO: [IP_Flow 19-1839] IP Catalog is up to date.
INFO: [DRC 23-27] Running DRC with 8 threads
INFO: [Vivado 12-3199] DRC finished with 0 Errors
INFO: [Vivado 12-3200] Please refer to the DRC report (report_drc) for more information.
INFO: [Designutils 20-2272] Running write_bitstream with 8 threads.
Loading data files...
Loading site data...
Loading route data...
Processing options...
Creating bitmap...
Creating bitstream...
Writing bitstream ./wafer_npu_bd_wrapper.bit...
INFO: [Vivado 12-1842] Bitgen Completed Successfully.
INFO: [Project 1-1876] WebTalk data collection is mandatory when using a ULT device. To see the specific WebTalk data collected for your design, open the usage_statistics_webtalk.html or usage_statistics_webtalk.xml file in the implementation directory.
INFO: [Common 17-83] Releasing license: Implementation
132 Infos, 0 Warnings, 0 Critical Warnings and 0 Errors encountered.
write_bitstream completed successfully
write_bitstream: Time (s): cpu = 00:00:32 ; elapsed = 00:00:21 . Memory (MB): peak = 3339.203 ; gain = 281.137 ; free physical = 3090 ; free virtual = 4871
INFO: [Common 17-206] Exiting Vivado at Wed Jul  1 12:32:06 2026...
