Copyright 1986-2022 Xilinx, Inc. All Rights Reserved. Copyright 2022-2024 Advanced Micro Devices, Inc. All Rights Reserved.
------------------------------------------------------------------------------------------------------------------------------------------------------
| Tool Version : Vivado v.2024.2 (lin64) Build 5239630 Fri Nov 08 22:34:34 MST 2024
| Date         : Wed Jul  1 12:31:36 2026
| Host         : kimyujeong-IdeaPad-1-15ALC7 running 64-bit Ubuntu 24.04.3 LTS
| Command      : report_drc -file wafer_npu_bd_wrapper_drc_routed.rpt -pb wafer_npu_bd_wrapper_drc_routed.pb -rpx wafer_npu_bd_wrapper_drc_routed.rpx
| Design       : wafer_npu_bd_wrapper
| Device       : xc7z020clg400-1
| Speed File   : -1
| Design State : Fully Routed
------------------------------------------------------------------------------------------------------------------------------------------------------

Report DRC

Table of Contents
-----------------
1. REPORT SUMMARY
2. REPORT DETAILS

1. REPORT SUMMARY
-----------------
            Netlist: netlist
          Floorplan: design_1
      Design limits: <entire design considered>
           Ruledeck: default
             Max checks: <unlimited>
             Checks found: 156
+-----------+----------+----------------------------+--------+
| Rule      | Severity | Description                | Checks |
+-----------+----------+----------------------------+--------+
| CHECK-3   | Warning  | Report rule limit reached  | 2      |
| DPIP-1    | Warning  | Input pipelining           | 52     |
| DPOP-1    | Warning  | PREG Output pipelining     | 29     |
| DPOP-2    | Warning  | MREG Output pipelining     | 32     |
| PDRC-138  | Warning  | SLICE_PairEqSame_D6D5_WARN | 1      |
| REQP-1839 | Warning  | RAMB36 async control check | 20     |
| REQP-1840 | Warning  | RAMB18 async control check | 20     |
+-----------+----------+----------------------------+--------+

2. REPORT DETAILS
-----------------
CHECK-3#1 Warning
Report rule limit reached  
REQP-1839 rule limit reached: 20 violations have been found.
Related violations: <none>

CHECK-3#2 Warning
Report rule limit reached  
REQP-1840 rule limit reached: 20 violations have been found.
Related violations: <none>

DPIP-1#1 Warning
Input pipelining  
DSP wafer_npu_bd_i/cnn_npu_0/inst/cnn_inst/conv1_inst/ifmap_index0_return input wafer_npu_bd_i/cnn_npu_0/inst/cnn_inst/conv1_inst/ifmap_index0_return/A[29:0] is not pipelined. Pipelining DSP48 input will improve performance.
Related violations: <none>

DPIP-1#2 Warning
Input pipelining  
DSP wafer_npu_bd_i/cnn_npu_0/inst/cnn_inst/conv1_inst/ifmap_index0_return input wafer_npu_bd_i/cnn_npu_0/inst/cnn_inst/conv1_inst/ifmap_index0_return/C[47:0] is not pipelined. Pipelining DSP48 input will improve performance.
Related violations: <none>

DPIP-1#3 Warning
Input pipelining  
DSP wafer_npu_bd_i/cnn_npu_0/inst/cnn_inst/conv1_inst/ifmap_index0_return__0 input wafer_npu_bd_i/cnn_npu_0/inst/cnn_inst/conv1_inst/ifmap_index0_return__0/A[29:0] is not pipelined. Pipelining DSP48 input will improve performance.
Related violations: <none>

DPIP-1#4 Warning
Input pipelining  
DSP wafer_npu_bd_i/cnn_npu_0/inst/cnn_inst/conv1_inst/ifmap_index0_return__0 input wafer_npu_bd_i/cnn_npu_0/inst/cnn_inst/conv1_inst/ifmap_index0_return__0/C[47:0] is not pipelined. Pipelining DSP48 input will improve performance.
Related violations: <none>

DPIP-1#5 Warning
Input pipelining  
DSP wafer_npu_bd_i/cnn_npu_0/inst/cnn_inst/conv1_inst/ifmap_index1_return input wafer_npu_bd_i/cnn_npu_0/inst/cnn_inst/conv1_inst/ifmap_index1_return/A[29:0] is not pipelined. Pipelining DSP48 input will improve performance.
Related violations: <none>

DPIP-1#6 Warning
Input pipelining  
DSP wafer_npu_bd_i/cnn_npu_0/inst/cnn_inst/conv1_inst/ifmap_index1_return0 input wafer_npu_bd_i/cnn_npu_0/inst/cnn_inst/conv1_inst/ifmap_index1_return0/A[29:0] is not pipelined. Pipelining DSP48 input will improve performance.
Related violations: <none>

DPIP-1#7 Warning
Input pipelining  
DSP wafer_npu_bd_i/cnn_npu_0/inst/cnn_inst/conv1_inst/ifmap_index2_return input wafer_npu_bd_i/cnn_npu_0/inst/cnn_inst/conv1_inst/ifmap_index2_return/A[29:0] is not pipelined. Pipelining DSP48 input will improve performance.
Related violations: <none>

DPIP-1#8 Warning
Input pipelining  
DSP wafer_npu_bd_i/cnn_npu_0/inst/cnn_inst/conv1_inst/ifmap_index2_return input wafer_npu_bd_i/cnn_npu_0/inst/cnn_inst/conv1_inst/ifmap_index2_return/C[47:0] is not pipelined. Pipelining DSP48 input will improve performance.
Related violations: <none>

DPIP-1#9 Warning
Input pipelining  
DSP wafer_npu_bd_i/cnn_npu_0/inst/cnn_inst/conv1_inst/ifmap_index2_return1 input wafer_npu_bd_i/cnn_npu_0/inst/cnn_inst/conv1_inst/ifmap_index2_return1/A[29:0] is not pipelined. Pipelining DSP48 input will improve performance.
Related violations: <none>

DPIP-1#10 Warning
Input pipelining  
DSP wafer_npu_bd_i/cnn_npu_0/inst/cnn_inst/conv1_inst/ifmap_index2_return1 input wafer_npu_bd_i/cnn_npu_0/inst/cnn_inst/conv1_inst/ifmap_index2_return1/C[47:0] is not pipelined. Pipelining DSP48 input will improve performance.
Related violations: <none>

DPIP-1#11 Warning
Input pipelining  
DSP wafer_npu_bd_i/cnn_npu_0/inst/cnn_inst/conv1_inst/ofmap_index_return input wafer_npu_bd_i/cnn_npu_0/inst/cnn_inst/conv1_inst/ofmap_index_return/A[29:0] is not pipelined. Pipelining DSP48 input will improve performance.
Related violations: <none>

DPIP-1#12 Warning
Input pipelining  
DSP wafer_npu_bd_i/cnn_npu_0/inst/cnn_inst/conv1_inst/ofmap_index_return input wafer_npu_bd_i/cnn_npu_0/inst/cnn_inst/conv1_inst/ofmap_index_return/C[47:0] is not pipelined. Pipelining DSP48 input will improve performance.
Related violations: <none>

DPIP-1#13 Warning
Input pipelining  
DSP wafer_npu_bd_i/cnn_npu_0/inst/cnn_inst/conv1_inst/ofmap_index_return1 input wafer_npu_bd_i/cnn_npu_0/inst/cnn_inst/conv1_inst/ofmap_index_return1/A[29:0] is not pipelined. Pipelining DSP48 input will improve performance.
Related violations: <none>

DPIP-1#14 Warning
Input pipelining  
DSP wafer_npu_bd_i/cnn_npu_0/inst/cnn_inst/conv1_inst/ofmap_index_return1 input wafer_npu_bd_i/cnn_npu_0/inst/cnn_inst/conv1_inst/ofmap_index_return1/C[47:0] is not pipelined. Pipelining DSP48 input will improve performance.
Related violations: <none>

DPIP-1#15 Warning
Input pipelining  
DSP wafer_npu_bd_i/cnn_npu_0/inst/cnn_inst/conv2_inst/ifmap_index10_return input wafer_npu_bd_i/cnn_npu_0/inst/cnn_inst/conv2_inst/ifmap_index10_return/A[29:0] is not pipelined. Pipelining DSP48 input will improve performance.
Related violations: <none>

DPIP-1#16 Warning
Input pipelining  
DSP wafer_npu_bd_i/cnn_npu_0/inst/cnn_inst/conv2_inst/ifmap_index10_return input wafer_npu_bd_i/cnn_npu_0/inst/cnn_inst/conv2_inst/ifmap_index10_return/C[47:0] is not pipelined. Pipelining DSP48 input will improve performance.
Related violations: <none>

DPIP-1#17 Warning
Input pipelining  
DSP wafer_npu_bd_i/cnn_npu_0/inst/cnn_inst/conv2_inst/ifmap_index10_return1 input wafer_npu_bd_i/cnn_npu_0/inst/cnn_inst/conv2_inst/ifmap_index10_return1/A[29:0] is not pipelined. Pipelining DSP48 input will improve performance.
Related violations: <none>

DPIP-1#18 Warning
Input pipelining  
DSP wafer_npu_bd_i/cnn_npu_0/inst/cnn_inst/conv2_inst/ifmap_index10_return1 input wafer_npu_bd_i/cnn_npu_0/inst/cnn_inst/conv2_inst/ifmap_index10_return1/C[47:0] is not pipelined. Pipelining DSP48 input will improve performance.
Related violations: <none>

DPIP-1#19 Warning
Input pipelining  
DSP wafer_npu_bd_i/cnn_npu_0/inst/cnn_inst/conv2_inst/ifmap_index8_return input wafer_npu_bd_i/cnn_npu_0/inst/cnn_inst/conv2_inst/ifmap_index8_return/A[29:0] is not pipelined. Pipelining DSP48 input will improve performance.
Related violations: <none>

DPIP-1#20 Warning
Input pipelining  
DSP wafer_npu_bd_i/cnn_npu_0/inst/cnn_inst/conv2_inst/ifmap_index8_return input wafer_npu_bd_i/cnn_npu_0/inst/cnn_inst/conv2_inst/ifmap_index8_return/C[47:0] is not pipelined. Pipelining DSP48 input will improve performance.
Related violations: <none>

DPIP-1#21 Warning
Input pipelining  
DSP wafer_npu_bd_i/cnn_npu_0/inst/cnn_inst/conv2_inst/ifmap_index8_return__0 input wafer_npu_bd_i/cnn_npu_0/inst/cnn_inst/conv2_inst/ifmap_index8_return__0/A[29:0] is not pipelined. Pipelining DSP48 input will improve performance.
Related violations: <none>

DPIP-1#22 Warning
Input pipelining  
DSP wafer_npu_bd_i/cnn_npu_0/inst/cnn_inst/conv2_inst/ifmap_index8_return__0 input wafer_npu_bd_i/cnn_npu_0/inst/cnn_inst/conv2_inst/ifmap_index8_return__0/C[47:0] is not pipelined. Pipelining DSP48 input will improve performance.
Related violations: <none>

DPIP-1#23 Warning
Input pipelining  
DSP wafer_npu_bd_i/cnn_npu_0/inst/cnn_inst/conv2_inst/ifmap_index9_return input wafer_npu_bd_i/cnn_npu_0/inst/cnn_inst/conv2_inst/ifmap_index9_return/A[29:0] is not pipelined. Pipelining DSP48 input will improve performance.
Related violations: <none>

DPIP-1#24 Warning
Input pipelining  
DSP wafer_npu_bd_i/cnn_npu_0/inst/cnn_inst/conv2_inst/ifmap_index9_return0 input wafer_npu_bd_i/cnn_npu_0/inst/cnn_inst/conv2_inst/ifmap_index9_return0/A[29:0] is not pipelined. Pipelining DSP48 input will improve performance.
Related violations: <none>

DPIP-1#25 Warning
Input pipelining  
DSP wafer_npu_bd_i/cnn_npu_0/inst/cnn_inst/conv2_inst/ofmap_index1_return input wafer_npu_bd_i/cnn_npu_0/inst/cnn_inst/conv2_inst/ofmap_index1_return/A[29:0] is not pipelined. Pipelining DSP48 input will improve performance.
Related violations: <none>

DPIP-1#26 Warning
Input pipelining  
DSP wafer_npu_bd_i/cnn_npu_0/inst/cnn_inst/conv2_inst/ofmap_index1_return input wafer_npu_bd_i/cnn_npu_0/inst/cnn_inst/conv2_inst/ofmap_index1_return/C[47:0] is not pipelined. Pipelining DSP48 input will improve performance.
Related violations: <none>

DPIP-1#27 Warning
Input pipelining  
DSP wafer_npu_bd_i/cnn_npu_0/inst/cnn_inst/conv2_inst/ofmap_index1_return1 input wafer_npu_bd_i/cnn_npu_0/inst/cnn_inst/conv2_inst/ofmap_index1_return1/A[29:0] is not pipelined. Pipelining DSP48 input will improve performance.
Related violations: <none>

DPIP-1#28 Warning
Input pipelining  
DSP wafer_npu_bd_i/cnn_npu_0/inst/cnn_inst/conv2_inst/ofmap_index1_return1 input wafer_npu_bd_i/cnn_npu_0/inst/cnn_inst/conv2_inst/ofmap_index1_return1/C[47:0] is not pipelined. Pipelining DSP48 input will improve performance.
Related violations: <none>

DPIP-1#29 Warning
Input pipelining  
DSP wafer_npu_bd_i/cnn_npu_0/inst/cnn_inst/pool1_inst/ifmap_index4_return input wafer_npu_bd_i/cnn_npu_0/inst/cnn_inst/pool1_inst/ifmap_index4_return/A[29:0] is not pipelined. Pipelining DSP48 input will improve performance.
Related violations: <none>

DPIP-1#30 Warning
Input pipelining  
DSP wafer_npu_bd_i/cnn_npu_0/inst/cnn_inst/pool1_inst/ifmap_index4_return input wafer_npu_bd_i/cnn_npu_0/inst/cnn_inst/pool1_inst/ifmap_index4_return/C[47:0] is not pipelined. Pipelining DSP48 input will improve performance.
Related violations: <none>

DPIP-1#31 Warning
Input pipelining  
DSP wafer_npu_bd_i/cnn_npu_0/inst/cnn_inst/pool1_inst/ifmap_index4_return1 input wafer_npu_bd_i/cnn_npu_0/inst/cnn_inst/pool1_inst/ifmap_index4_return1/A[29:0] is not pipelined. Pipelining DSP48 input will improve performance.
Related violations: <none>

DPIP-1#32 Warning
Input pipelining  
DSP wafer_npu_bd_i/cnn_npu_0/inst/cnn_inst/pool1_inst/ifmap_index4_return1 input wafer_npu_bd_i/cnn_npu_0/inst/cnn_inst/pool1_inst/ifmap_index4_return1/C[47:0] is not pipelined. Pipelining DSP48 input will improve performance.
Related violations: <none>

DPIP-1#33 Warning
Input pipelining  
DSP wafer_npu_bd_i/cnn_npu_0/inst/cnn_inst/pool1_inst/ifmap_index4_return__0 input wafer_npu_bd_i/cnn_npu_0/inst/cnn_inst/pool1_inst/ifmap_index4_return__0/A[29:0] is not pipelined. Pipelining DSP48 input will improve performance.
Related violations: <none>

DPIP-1#34 Warning
Input pipelining  
DSP wafer_npu_bd_i/cnn_npu_0/inst/cnn_inst/pool1_inst/ifmap_index4_return__0 input wafer_npu_bd_i/cnn_npu_0/inst/cnn_inst/pool1_inst/ifmap_index4_return__0/C[47:0] is not pipelined. Pipelining DSP48 input will improve performance.
Related violations: <none>

DPIP-1#35 Warning
Input pipelining  
DSP wafer_npu_bd_i/cnn_npu_0/inst/cnn_inst/pool1_inst/ifmap_index5_return input wafer_npu_bd_i/cnn_npu_0/inst/cnn_inst/pool1_inst/ifmap_index5_return/A[29:0] is not pipelined. Pipelining DSP48 input will improve performance.
Related violations: <none>

DPIP-1#36 Warning
Input pipelining  
DSP wafer_npu_bd_i/cnn_npu_0/inst/cnn_inst/pool1_inst/ifmap_index5_return0 input wafer_npu_bd_i/cnn_npu_0/inst/cnn_inst/pool1_inst/ifmap_index5_return0/A[29:0] is not pipelined. Pipelining DSP48 input will improve performance.
Related violations: <none>

DPIP-1#37 Warning
Input pipelining  
DSP wafer_npu_bd_i/cnn_npu_0/inst/cnn_inst/pool1_inst/ifmap_index5_return0 input wafer_npu_bd_i/cnn_npu_0/inst/cnn_inst/pool1_inst/ifmap_index5_return0/C[47:0] is not pipelined. Pipelining DSP48 input will improve performance.
Related violations: <none>

DPIP-1#38 Warning
Input pipelining  
DSP wafer_npu_bd_i/cnn_npu_0/inst/cnn_inst/pool1_inst/ifmap_index6_return input wafer_npu_bd_i/cnn_npu_0/inst/cnn_inst/pool1_inst/ifmap_index6_return/A[29:0] is not pipelined. Pipelining DSP48 input will improve performance.
Related violations: <none>

DPIP-1#39 Warning
Input pipelining  
DSP wafer_npu_bd_i/cnn_npu_0/inst/cnn_inst/pool1_inst/ofmap_index0_return input wafer_npu_bd_i/cnn_npu_0/inst/cnn_inst/pool1_inst/ofmap_index0_return/A[29:0] is not pipelined. Pipelining DSP48 input will improve performance.
Related violations: <none>

DPIP-1#40 Warning
Input pipelining  
DSP wafer_npu_bd_i/cnn_npu_0/inst/cnn_inst/pool1_inst/ofmap_index0_return input wafer_npu_bd_i/cnn_npu_0/inst/cnn_inst/pool1_inst/ofmap_index0_return/C[47:0] is not pipelined. Pipelining DSP48 input will improve performance.
Related violations: <none>

DPIP-1#41 Warning
Input pipelining  
DSP wafer_npu_bd_i/cnn_npu_0/inst/cnn_inst/pool1_inst/ofmap_index0_return1 input wafer_npu_bd_i/cnn_npu_0/inst/cnn_inst/pool1_inst/ofmap_index0_return1/A[29:0] is not pipelined. Pipelining DSP48 input will improve performance.
Related violations: <none>

DPIP-1#42 Warning
Input pipelining  
DSP wafer_npu_bd_i/cnn_npu_0/inst/cnn_inst/pool1_inst/ofmap_index0_return1 input wafer_npu_bd_i/cnn_npu_0/inst/cnn_inst/pool1_inst/ofmap_index0_return1/C[47:0] is not pipelined. Pipelining DSP48 input will improve performance.
Related violations: <none>

DPIP-1#43 Warning
Input pipelining  
DSP wafer_npu_bd_i/cnn_npu_0/inst/cnn_inst/pool2_inst/ifmap_index12_return input wafer_npu_bd_i/cnn_npu_0/inst/cnn_inst/pool2_inst/ifmap_index12_return/A[29:0] is not pipelined. Pipelining DSP48 input will improve performance.
Related violations: <none>

DPIP-1#44 Warning
Input pipelining  
DSP wafer_npu_bd_i/cnn_npu_0/inst/cnn_inst/pool2_inst/ifmap_index12_return input wafer_npu_bd_i/cnn_npu_0/inst/cnn_inst/pool2_inst/ifmap_index12_return/C[47:0] is not pipelined. Pipelining DSP48 input will improve performance.
Related violations: <none>

DPIP-1#45 Warning
Input pipelining  
DSP wafer_npu_bd_i/cnn_npu_0/inst/cnn_inst/pool2_inst/ifmap_index12_return1 input wafer_npu_bd_i/cnn_npu_0/inst/cnn_inst/pool2_inst/ifmap_index12_return1/A[29:0] is not pipelined. Pipelining DSP48 input will improve performance.
Related violations: <none>

DPIP-1#46 Warning
Input pipelining  
DSP wafer_npu_bd_i/cnn_npu_0/inst/cnn_inst/pool2_inst/ifmap_index12_return1 input wafer_npu_bd_i/cnn_npu_0/inst/cnn_inst/pool2_inst/ifmap_index12_return1/C[47:0] is not pipelined. Pipelining DSP48 input will improve performance.
Related violations: <none>

DPIP-1#47 Warning
Input pipelining  
DSP wafer_npu_bd_i/cnn_npu_0/inst/cnn_inst/pool2_inst/ifmap_index12_return__0 input wafer_npu_bd_i/cnn_npu_0/inst/cnn_inst/pool2_inst/ifmap_index12_return__0/A[29:0] is not pipelined. Pipelining DSP48 input will improve performance.
Related violations: <none>

DPIP-1#48 Warning
Input pipelining  
DSP wafer_npu_bd_i/cnn_npu_0/inst/cnn_inst/pool2_inst/ifmap_index12_return__0 input wafer_npu_bd_i/cnn_npu_0/inst/cnn_inst/pool2_inst/ifmap_index12_return__0/C[47:0] is not pipelined. Pipelining DSP48 input will improve performance.
Related violations: <none>

DPIP-1#49 Warning
Input pipelining  
DSP wafer_npu_bd_i/cnn_npu_0/inst/cnn_inst/pool2_inst/ifmap_index13_return input wafer_npu_bd_i/cnn_npu_0/inst/cnn_inst/pool2_inst/ifmap_index13_return/A[29:0] is not pipelined. Pipelining DSP48 input will improve performance.
Related violations: <none>

DPIP-1#50 Warning
Input pipelining  
DSP wafer_npu_bd_i/cnn_npu_0/inst/cnn_inst/pool2_inst/ifmap_index13_return0 input wafer_npu_bd_i/cnn_npu_0/inst/cnn_inst/pool2_inst/ifmap_index13_return0/A[29:0] is not pipelined. Pipelining DSP48 input will improve performance.
Related violations: <none>

DPIP-1#51 Warning
Input pipelining  
DSP wafer_npu_bd_i/cnn_npu_0/inst/cnn_inst/pool2_inst/ifmap_index13_return0 input wafer_npu_bd_i/cnn_npu_0/inst/cnn_inst/pool2_inst/ifmap_index13_return0/C[47:0] is not pipelined. Pipelining DSP48 input will improve performance.
Related violations: <none>

DPIP-1#52 Warning
Input pipelining  
DSP wafer_npu_bd_i/cnn_npu_0/inst/cnn_inst/pool2_inst/ifmap_index14_return input wafer_npu_bd_i/cnn_npu_0/inst/cnn_inst/pool2_inst/ifmap_index14_return/A[29:0] is not pipelined. Pipelining DSP48 input will improve performance.
Related violations: <none>

DPOP-1#1 Warning
PREG Output pipelining  
DSP wafer_npu_bd_i/cnn_npu_0/inst/cnn_inst/conv1_inst/ifmap_index0_return output wafer_npu_bd_i/cnn_npu_0/inst/cnn_inst/conv1_inst/ifmap_index0_return/P[47:0] is not pipelined (PREG=0). Pipelining the DSP48 output will improve performance and often saves power so it is suggested whenever possible to fully pipeline this function.  If this DSP48 function was inferred, it is suggested to describe an additional register stage after this function.  If the DSP48 was instantiated in the design, it is suggested to set the PREG attribute to 1.
Related violations: <none>

DPOP-1#2 Warning
PREG Output pipelining  
DSP wafer_npu_bd_i/cnn_npu_0/inst/cnn_inst/conv1_inst/ifmap_index0_return__0 output wafer_npu_bd_i/cnn_npu_0/inst/cnn_inst/conv1_inst/ifmap_index0_return__0/P[47:0] is not pipelined (PREG=0). Pipelining the DSP48 output will improve performance and often saves power so it is suggested whenever possible to fully pipeline this function.  If this DSP48 function was inferred, it is suggested to describe an additional register stage after this function.  If the DSP48 was instantiated in the design, it is suggested to set the PREG attribute to 1.
Related violations: <none>

DPOP-1#3 Warning
PREG Output pipelining  
DSP wafer_npu_bd_i/cnn_npu_0/inst/cnn_inst/conv1_inst/ifmap_index1_return output wafer_npu_bd_i/cnn_npu_0/inst/cnn_inst/conv1_inst/ifmap_index1_return/P[47:0] is not pipelined (PREG=0). Pipelining the DSP48 output will improve performance and often saves power so it is suggested whenever possible to fully pipeline this function.  If this DSP48 function was inferred, it is suggested to describe an additional register stage after this function.  If the DSP48 was instantiated in the design, it is suggested to set the PREG attribute to 1.
Related violations: <none>

DPOP-1#4 Warning
PREG Output pipelining  
DSP wafer_npu_bd_i/cnn_npu_0/inst/cnn_inst/conv1_inst/ifmap_index1_return0 output wafer_npu_bd_i/cnn_npu_0/inst/cnn_inst/conv1_inst/ifmap_index1_return0/P[47:0] is not pipelined (PREG=0). Pipelining the DSP48 output will improve performance and often saves power so it is suggested whenever possible to fully pipeline this function.  If this DSP48 function was inferred, it is suggested to describe an additional register stage after this function.  If the DSP48 was instantiated in the design, it is suggested to set the PREG attribute to 1.
Related violations: <none>

DPOP-1#5 Warning
PREG Output pipelining  
DSP wafer_npu_bd_i/cnn_npu_0/inst/cnn_inst/conv1_inst/ifmap_index2_return output wafer_npu_bd_i/cnn_npu_0/inst/cnn_inst/conv1_inst/ifmap_index2_return/P[47:0] is not pipelined (PREG=0). Pipelining the DSP48 output will improve performance and often saves power so it is suggested whenever possible to fully pipeline this function.  If this DSP48 function was inferred, it is suggested to describe an additional register stage after this function.  If the DSP48 was instantiated in the design, it is suggested to set the PREG attribute to 1.
Related violations: <none>

DPOP-1#6 Warning
PREG Output pipelining  
DSP wafer_npu_bd_i/cnn_npu_0/inst/cnn_inst/conv1_inst/ifmap_index2_return1 output wafer_npu_bd_i/cnn_npu_0/inst/cnn_inst/conv1_inst/ifmap_index2_return1/P[47:0] is not pipelined (PREG=0). Pipelining the DSP48 output will improve performance and often saves power so it is suggested whenever possible to fully pipeline this function.  If this DSP48 function was inferred, it is suggested to describe an additional register stage after this function.  If the DSP48 was instantiated in the design, it is suggested to set the PREG attribute to 1.
Related violations: <none>

DPOP-1#7 Warning
PREG Output pipelining  
DSP wafer_npu_bd_i/cnn_npu_0/inst/cnn_inst/conv1_inst/ofmap_index_return1 output wafer_npu_bd_i/cnn_npu_0/inst/cnn_inst/conv1_inst/ofmap_index_return1/P[47:0] is not pipelined (PREG=0). Pipelining the DSP48 output will improve performance and often saves power so it is suggested whenever possible to fully pipeline this function.  If this DSP48 function was inferred, it is suggested to describe an additional register stage after this function.  If the DSP48 was instantiated in the design, it is suggested to set the PREG attribute to 1.
Related violations: <none>

DPOP-1#8 Warning
PREG Output pipelining  
DSP wafer_npu_bd_i/cnn_npu_0/inst/cnn_inst/conv2_inst/ifmap_index10_return output wafer_npu_bd_i/cnn_npu_0/inst/cnn_inst/conv2_inst/ifmap_index10_return/P[47:0] is not pipelined (PREG=0). Pipelining the DSP48 output will improve performance and often saves power so it is suggested whenever possible to fully pipeline this function.  If this DSP48 function was inferred, it is suggested to describe an additional register stage after this function.  If the DSP48 was instantiated in the design, it is suggested to set the PREG attribute to 1.
Related violations: <none>

DPOP-1#9 Warning
PREG Output pipelining  
DSP wafer_npu_bd_i/cnn_npu_0/inst/cnn_inst/conv2_inst/ifmap_index10_return1 output wafer_npu_bd_i/cnn_npu_0/inst/cnn_inst/conv2_inst/ifmap_index10_return1/P[47:0] is not pipelined (PREG=0). Pipelining the DSP48 output will improve performance and often saves power so it is suggested whenever possible to fully pipeline this function.  If this DSP48 function was inferred, it is suggested to describe an additional register stage after this function.  If the DSP48 was instantiated in the design, it is suggested to set the PREG attribute to 1.
Related violations: <none>

DPOP-1#10 Warning
PREG Output pipelining  
DSP wafer_npu_bd_i/cnn_npu_0/inst/cnn_inst/conv2_inst/ifmap_index8_return output wafer_npu_bd_i/cnn_npu_0/inst/cnn_inst/conv2_inst/ifmap_index8_return/P[47:0] is not pipelined (PREG=0). Pipelining the DSP48 output will improve performance and often saves power so it is suggested whenever possible to fully pipeline this function.  If this DSP48 function was inferred, it is suggested to describe an additional register stage after this function.  If the DSP48 was instantiated in the design, it is suggested to set the PREG attribute to 1.
Related violations: <none>

DPOP-1#11 Warning
PREG Output pipelining  
DSP wafer_npu_bd_i/cnn_npu_0/inst/cnn_inst/conv2_inst/ifmap_index8_return__0 output wafer_npu_bd_i/cnn_npu_0/inst/cnn_inst/conv2_inst/ifmap_index8_return__0/P[47:0] is not pipelined (PREG=0). Pipelining the DSP48 output will improve performance and often saves power so it is suggested whenever possible to fully pipeline this function.  If this DSP48 function was inferred, it is suggested to describe an additional register stage after this function.  If the DSP48 was instantiated in the design, it is suggested to set the PREG attribute to 1.
Related violations: <none>

DPOP-1#12 Warning
PREG Output pipelining  
DSP wafer_npu_bd_i/cnn_npu_0/inst/cnn_inst/conv2_inst/ifmap_index9_return output wafer_npu_bd_i/cnn_npu_0/inst/cnn_inst/conv2_inst/ifmap_index9_return/P[47:0] is not pipelined (PREG=0). Pipelining the DSP48 output will improve performance and often saves power so it is suggested whenever possible to fully pipeline this function.  If this DSP48 function was inferred, it is suggested to describe an additional register stage after this function.  If the DSP48 was instantiated in the design, it is suggested to set the PREG attribute to 1.
Related violations: <none>

DPOP-1#13 Warning
PREG Output pipelining  
DSP wafer_npu_bd_i/cnn_npu_0/inst/cnn_inst/conv2_inst/ifmap_index9_return0 output wafer_npu_bd_i/cnn_npu_0/inst/cnn_inst/conv2_inst/ifmap_index9_return0/P[47:0] is not pipelined (PREG=0). Pipelining the DSP48 output will improve performance and often saves power so it is suggested whenever possible to fully pipeline this function.  If this DSP48 function was inferred, it is suggested to describe an additional register stage after this function.  If the DSP48 was instantiated in the design, it is suggested to set the PREG attribute to 1.
Related violations: <none>

DPOP-1#14 Warning
PREG Output pipelining  
DSP wafer_npu_bd_i/cnn_npu_0/inst/cnn_inst/conv2_inst/ofmap_index1_return1 output wafer_npu_bd_i/cnn_npu_0/inst/cnn_inst/conv2_inst/ofmap_index1_return1/P[47:0] is not pipelined (PREG=0). Pipelining the DSP48 output will improve performance and often saves power so it is suggested whenever possible to fully pipeline this function.  If this DSP48 function was inferred, it is suggested to describe an additional register stage after this function.  If the DSP48 was instantiated in the design, it is suggested to set the PREG attribute to 1.
Related violations: <none>

DPOP-1#15 Warning
PREG Output pipelining  
DSP wafer_npu_bd_i/cnn_npu_0/inst/cnn_inst/pool1_inst/ifmap_index4_return output wafer_npu_bd_i/cnn_npu_0/inst/cnn_inst/pool1_inst/ifmap_index4_return/P[47:0] is not pipelined (PREG=0). Pipelining the DSP48 output will improve performance and often saves power so it is suggested whenever possible to fully pipeline this function.  If this DSP48 function was inferred, it is suggested to describe an additional register stage after this function.  If the DSP48 was instantiated in the design, it is suggested to set the PREG attribute to 1.
Related violations: <none>

DPOP-1#16 Warning
PREG Output pipelining  
DSP wafer_npu_bd_i/cnn_npu_0/inst/cnn_inst/pool1_inst/ifmap_index4_return1 output wafer_npu_bd_i/cnn_npu_0/inst/cnn_inst/pool1_inst/ifmap_index4_return1/P[47:0] is not pipelined (PREG=0). Pipelining the DSP48 output will improve performance and often saves power so it is suggested whenever possible to fully pipeline this function.  If this DSP48 function was inferred, it is suggested to describe an additional register stage after this function.  If the DSP48 was instantiated in the design, it is suggested to set the PREG attribute to 1.
Related violations: <none>

DPOP-1#17 Warning
PREG Output pipelining  
DSP wafer_npu_bd_i/cnn_npu_0/inst/cnn_inst/pool1_inst/ifmap_index4_return__0 output wafer_npu_bd_i/cnn_npu_0/inst/cnn_inst/pool1_inst/ifmap_index4_return__0/P[47:0] is not pipelined (PREG=0). Pipelining the DSP48 output will improve performance and often saves power so it is suggested whenever possible to fully pipeline this function.  If this DSP48 function was inferred, it is suggested to describe an additional register stage after this function.  If the DSP48 was instantiated in the design, it is suggested to set the PREG attribute to 1.
Related violations: <none>

DPOP-1#18 Warning
PREG Output pipelining  
DSP wafer_npu_bd_i/cnn_npu_0/inst/cnn_inst/pool1_inst/ifmap_index5_return output wafer_npu_bd_i/cnn_npu_0/inst/cnn_inst/pool1_inst/ifmap_index5_return/P[47:0] is not pipelined (PREG=0). Pipelining the DSP48 output will improve performance and often saves power so it is suggested whenever possible to fully pipeline this function.  If this DSP48 function was inferred, it is suggested to describe an additional register stage after this function.  If the DSP48 was instantiated in the design, it is suggested to set the PREG attribute to 1.
Related violations: <none>

DPOP-1#19 Warning
PREG Output pipelining  
DSP wafer_npu_bd_i/cnn_npu_0/inst/cnn_inst/pool1_inst/ifmap_index5_return0 output wafer_npu_bd_i/cnn_npu_0/inst/cnn_inst/pool1_inst/ifmap_index5_return0/P[47:0] is not pipelined (PREG=0). Pipelining the DSP48 output will improve performance and often saves power so it is suggested whenever possible to fully pipeline this function.  If this DSP48 function was inferred, it is suggested to describe an additional register stage after this function.  If the DSP48 was instantiated in the design, it is suggested to set the PREG attribute to 1.
Related violations: <none>

DPOP-1#20 Warning
PREG Output pipelining  
DSP wafer_npu_bd_i/cnn_npu_0/inst/cnn_inst/pool1_inst/ifmap_index6_return output wafer_npu_bd_i/cnn_npu_0/inst/cnn_inst/pool1_inst/ifmap_index6_return/P[47:0] is not pipelined (PREG=0). Pipelining the DSP48 output will improve performance and often saves power so it is suggested whenever possible to fully pipeline this function.  If this DSP48 function was inferred, it is suggested to describe an additional register stage after this function.  If the DSP48 was instantiated in the design, it is suggested to set the PREG attribute to 1.
Related violations: <none>

DPOP-1#21 Warning
PREG Output pipelining  
DSP wafer_npu_bd_i/cnn_npu_0/inst/cnn_inst/pool1_inst/ifmap_index6_return0 output wafer_npu_bd_i/cnn_npu_0/inst/cnn_inst/pool1_inst/ifmap_index6_return0/P[47:0] is not pipelined (PREG=0). Pipelining the DSP48 output will improve performance and often saves power so it is suggested whenever possible to fully pipeline this function.  If this DSP48 function was inferred, it is suggested to describe an additional register stage after this function.  If the DSP48 was instantiated in the design, it is suggested to set the PREG attribute to 1.
Related violations: <none>

DPOP-1#22 Warning
PREG Output pipelining  
DSP wafer_npu_bd_i/cnn_npu_0/inst/cnn_inst/pool1_inst/ofmap_index0_return1 output wafer_npu_bd_i/cnn_npu_0/inst/cnn_inst/pool1_inst/ofmap_index0_return1/P[47:0] is not pipelined (PREG=0). Pipelining the DSP48 output will improve performance and often saves power so it is suggested whenever possible to fully pipeline this function.  If this DSP48 function was inferred, it is suggested to describe an additional register stage after this function.  If the DSP48 was instantiated in the design, it is suggested to set the PREG attribute to 1.
Related violations: <none>

DPOP-1#23 Warning
PREG Output pipelining  
DSP wafer_npu_bd_i/cnn_npu_0/inst/cnn_inst/pool2_inst/ifmap_index12_return output wafer_npu_bd_i/cnn_npu_0/inst/cnn_inst/pool2_inst/ifmap_index12_return/P[47:0] is not pipelined (PREG=0). Pipelining the DSP48 output will improve performance and often saves power so it is suggested whenever possible to fully pipeline this function.  If this DSP48 function was inferred, it is suggested to describe an additional register stage after this function.  If the DSP48 was instantiated in the design, it is suggested to set the PREG attribute to 1.
Related violations: <none>

DPOP-1#24 Warning
PREG Output pipelining  
DSP wafer_npu_bd_i/cnn_npu_0/inst/cnn_inst/pool2_inst/ifmap_index12_return1 output wafer_npu_bd_i/cnn_npu_0/inst/cnn_inst/pool2_inst/ifmap_index12_return1/P[47:0] is not pipelined (PREG=0). Pipelining the DSP48 output will improve performance and often saves power so it is suggested whenever possible to fully pipeline this function.  If this DSP48 function was inferred, it is suggested to describe an additional register stage after this function.  If the DSP48 was instantiated in the design, it is suggested to set the PREG attribute to 1.
Related violations: <none>

DPOP-1#25 Warning
PREG Output pipelining  
DSP wafer_npu_bd_i/cnn_npu_0/inst/cnn_inst/pool2_inst/ifmap_index12_return__0 output wafer_npu_bd_i/cnn_npu_0/inst/cnn_inst/pool2_inst/ifmap_index12_return__0/P[47:0] is not pipelined (PREG=0). Pipelining the DSP48 output will improve performance and often saves power so it is suggested whenever possible to fully pipeline this function.  If this DSP48 function was inferred, it is suggested to describe an additional register stage after this function.  If the DSP48 was instantiated in the design, it is suggested to set the PREG attribute to 1.
Related violations: <none>

DPOP-1#26 Warning
PREG Output pipelining  
DSP wafer_npu_bd_i/cnn_npu_0/inst/cnn_inst/pool2_inst/ifmap_index13_return output wafer_npu_bd_i/cnn_npu_0/inst/cnn_inst/pool2_inst/ifmap_index13_return/P[47:0] is not pipelined (PREG=0). Pipelining the DSP48 output will improve performance and often saves power so it is suggested whenever possible to fully pipeline this function.  If this DSP48 function was inferred, it is suggested to describe an additional register stage after this function.  If the DSP48 was instantiated in the design, it is suggested to set the PREG attribute to 1.
Related violations: <none>

DPOP-1#27 Warning
PREG Output pipelining  
DSP wafer_npu_bd_i/cnn_npu_0/inst/cnn_inst/pool2_inst/ifmap_index13_return0 output wafer_npu_bd_i/cnn_npu_0/inst/cnn_inst/pool2_inst/ifmap_index13_return0/P[47:0] is not pipelined (PREG=0). Pipelining the DSP48 output will improve performance and often saves power so it is suggested whenever possible to fully pipeline this function.  If this DSP48 function was inferred, it is suggested to describe an additional register stage after this function.  If the DSP48 was instantiated in the design, it is suggested to set the PREG attribute to 1.
Related violations: <none>

DPOP-1#28 Warning
PREG Output pipelining  
DSP wafer_npu_bd_i/cnn_npu_0/inst/cnn_inst/pool2_inst/ifmap_index14_return output wafer_npu_bd_i/cnn_npu_0/inst/cnn_inst/pool2_inst/ifmap_index14_return/P[47:0] is not pipelined (PREG=0). Pipelining the DSP48 output will improve performance and often saves power so it is suggested whenever possible to fully pipeline this function.  If this DSP48 function was inferred, it is suggested to describe an additional register stage after this function.  If the DSP48 was instantiated in the design, it is suggested to set the PREG attribute to 1.
Related violations: <none>

DPOP-1#29 Warning
PREG Output pipelining  
DSP wafer_npu_bd_i/cnn_npu_0/inst/cnn_inst/pool2_inst/ifmap_index14_return0 output wafer_npu_bd_i/cnn_npu_0/inst/cnn_inst/pool2_inst/ifmap_index14_return0/P[47:0] is not pipelined (PREG=0). Pipelining the DSP48 output will improve performance and often saves power so it is suggested whenever possible to fully pipeline this function.  If this DSP48 function was inferred, it is suggested to describe an additional register stage after this function.  If the DSP48 was instantiated in the design, it is suggested to set the PREG attribute to 1.
Related violations: <none>

DPOP-2#1 Warning
MREG Output pipelining  
DSP wafer_npu_bd_i/cnn_npu_0/inst/cnn_inst/conv1_inst/ifmap_index0_return multiplier stage wafer_npu_bd_i/cnn_npu_0/inst/cnn_inst/conv1_inst/ifmap_index0_return/P[47:0] is not pipelined (MREG=0). Pipelining the multiplier function will improve performance and will save significant power so it is suggested whenever possible to fully pipeline this function.  If this multiplier was inferred, it is suggested to describe an additional register stage after this function.  If there is no registered adder/accumulator following the multiply function, two pipeline stages are suggested to allow both the MREG and PREG registers to be used.  If the DSP48 was instantiated in the design, it is suggested to set both the MREG and PREG attributes to 1 when performing multiply functions.
Related violations: <none>

DPOP-2#2 Warning
MREG Output pipelining  
DSP wafer_npu_bd_i/cnn_npu_0/inst/cnn_inst/conv1_inst/ifmap_index0_return__0 multiplier stage wafer_npu_bd_i/cnn_npu_0/inst/cnn_inst/conv1_inst/ifmap_index0_return__0/P[47:0] is not pipelined (MREG=0). Pipelining the multiplier function will improve performance and will save significant power so it is suggested whenever possible to fully pipeline this function.  If this multiplier was inferred, it is suggested to describe an additional register stage after this function.  If there is no registered adder/accumulator following the multiply function, two pipeline stages are suggested to allow both the MREG and PREG registers to be used.  If the DSP48 was instantiated in the design, it is suggested to set both the MREG and PREG attributes to 1 when performing multiply functions.
Related violations: <none>

DPOP-2#3 Warning
MREG Output pipelining  
DSP wafer_npu_bd_i/cnn_npu_0/inst/cnn_inst/conv1_inst/ifmap_index1_return multiplier stage wafer_npu_bd_i/cnn_npu_0/inst/cnn_inst/conv1_inst/ifmap_index1_return/P[47:0] is not pipelined (MREG=0). Pipelining the multiplier function will improve performance and will save significant power so it is suggested whenever possible to fully pipeline this function.  If this multiplier was inferred, it is suggested to describe an additional register stage after this function.  If there is no registered adder/accumulator following the multiply function, two pipeline stages are suggested to allow both the MREG and PREG registers to be used.  If the DSP48 was instantiated in the design, it is suggested to set both the MREG and PREG attributes to 1 when performing multiply functions.
Related violations: <none>

DPOP-2#4 Warning
MREG Output pipelining  
DSP wafer_npu_bd_i/cnn_npu_0/inst/cnn_inst/conv1_inst/ifmap_index1_return0 multiplier stage wafer_npu_bd_i/cnn_npu_0/inst/cnn_inst/conv1_inst/ifmap_index1_return0/P[47:0] is not pipelined (MREG=0). Pipelining the multiplier function will improve performance and will save significant power so it is suggested whenever possible to fully pipeline this function.  If this multiplier was inferred, it is suggested to describe an additional register stage after this function.  If there is no registered adder/accumulator following the multiply function, two pipeline stages are suggested to allow both the MREG and PREG registers to be used.  If the DSP48 was instantiated in the design, it is suggested to set both the MREG and PREG attributes to 1 when performing multiply functions.
Related violations: <none>

DPOP-2#5 Warning
MREG Output pipelining  
DSP wafer_npu_bd_i/cnn_npu_0/inst/cnn_inst/conv1_inst/ifmap_index2_return multiplier stage wafer_npu_bd_i/cnn_npu_0/inst/cnn_inst/conv1_inst/ifmap_index2_return/P[47:0] is not pipelined (MREG=0). Pipelining the multiplier function will improve performance and will save significant power so it is suggested whenever possible to fully pipeline this function.  If this multiplier was inferred, it is suggested to describe an additional register stage after this function.  If there is no registered adder/accumulator following the multiply function, two pipeline stages are suggested to allow both the MREG and PREG registers to be used.  If the DSP48 was instantiated in the design, it is suggested to set both the MREG and PREG attributes to 1 when performing multiply functions.
Related violations: <none>

DPOP-2#6 Warning
MREG Output pipelining  
DSP wafer_npu_bd_i/cnn_npu_0/inst/cnn_inst/conv1_inst/ifmap_index2_return1 multiplier stage wafer_npu_bd_i/cnn_npu_0/inst/cnn_inst/conv1_inst/ifmap_index2_return1/P[47:0] is not pipelined (MREG=0). Pipelining the multiplier function will improve performance and will save significant power so it is suggested whenever possible to fully pipeline this function.  If this multiplier was inferred, it is suggested to describe an additional register stage after this function.  If there is no registered adder/accumulator following the multiply function, two pipeline stages are suggested to allow both the MREG and PREG registers to be used.  If the DSP48 was instantiated in the design, it is suggested to set both the MREG and PREG attributes to 1 when performing multiply functions.
Related violations: <none>

DPOP-2#7 Warning
MREG Output pipelining  
DSP wafer_npu_bd_i/cnn_npu_0/inst/cnn_inst/conv1_inst/ofmap_index_return multiplier stage wafer_npu_bd_i/cnn_npu_0/inst/cnn_inst/conv1_inst/ofmap_index_return/P[47:0] is not pipelined (MREG=0). Pipelining the multiplier function will improve performance and will save significant power so it is suggested whenever possible to fully pipeline this function.  If this multiplier was inferred, it is suggested to describe an additional register stage after this function.  If there is no registered adder/accumulator following the multiply function, two pipeline stages are suggested to allow both the MREG and PREG registers to be used.  If the DSP48 was instantiated in the design, it is suggested to set both the MREG and PREG attributes to 1 when performing multiply functions.
Related violations: <none>

DPOP-2#8 Warning
MREG Output pipelining  
DSP wafer_npu_bd_i/cnn_npu_0/inst/cnn_inst/conv1_inst/ofmap_index_return1 multiplier stage wafer_npu_bd_i/cnn_npu_0/inst/cnn_inst/conv1_inst/ofmap_index_return1/P[47:0] is not pipelined (MREG=0). Pipelining the multiplier function will improve performance and will save significant power so it is suggested whenever possible to fully pipeline this function.  If this multiplier was inferred, it is suggested to describe an additional register stage after this function.  If there is no registered adder/accumulator following the multiply function, two pipeline stages are suggested to allow both the MREG and PREG registers to be used.  If the DSP48 was instantiated in the design, it is suggested to set both the MREG and PREG attributes to 1 when performing multiply functions.
Related violations: <none>

DPOP-2#9 Warning
MREG Output pipelining  
DSP wafer_npu_bd_i/cnn_npu_0/inst/cnn_inst/conv2_inst/ifmap_index10_return multiplier stage wafer_npu_bd_i/cnn_npu_0/inst/cnn_inst/conv2_inst/ifmap_index10_return/P[47:0] is not pipelined (MREG=0). Pipelining the multiplier function will improve performance and will save significant power so it is suggested whenever possible to fully pipeline this function.  If this multiplier was inferred, it is suggested to describe an additional register stage after this function.  If there is no registered adder/accumulator following the multiply function, two pipeline stages are suggested to allow both the MREG and PREG registers to be used.  If the DSP48 was instantiated in the design, it is suggested to set both the MREG and PREG attributes to 1 when performing multiply functions.
Related violations: <none>

DPOP-2#10 Warning
MREG Output pipelining  
DSP wafer_npu_bd_i/cnn_npu_0/inst/cnn_inst/conv2_inst/ifmap_index10_return1 multiplier stage wafer_npu_bd_i/cnn_npu_0/inst/cnn_inst/conv2_inst/ifmap_index10_return1/P[47:0] is not pipelined (MREG=0). Pipelining the multiplier function will improve performance and will save significant power so it is suggested whenever possible to fully pipeline this function.  If this multiplier was inferred, it is suggested to describe an additional register stage after this function.  If there is no registered adder/accumulator following the multiply function, two pipeline stages are suggested to allow both the MREG and PREG registers to be used.  If the DSP48 was instantiated in the design, it is suggested to set both the MREG and PREG attributes to 1 when performing multiply functions.
Related violations: <none>

DPOP-2#11 Warning
MREG Output pipelining  
DSP wafer_npu_bd_i/cnn_npu_0/inst/cnn_inst/conv2_inst/ifmap_index8_return multiplier stage wafer_npu_bd_i/cnn_npu_0/inst/cnn_inst/conv2_inst/ifmap_index8_return/P[47:0] is not pipelined (MREG=0). Pipelining the multiplier function will improve performance and will save significant power so it is suggested whenever possible to fully pipeline this function.  If this multiplier was inferred, it is suggested to describe an additional register stage after this function.  If there is no registered adder/accumulator following the multiply function, two pipeline stages are suggested to allow both the MREG and PREG registers to be used.  If the DSP48 was instantiated in the design, it is suggested to set both the MREG and PREG attributes to 1 when performing multiply functions.
Related violations: <none>

DPOP-2#12 Warning
MREG Output pipelining  
DSP wafer_npu_bd_i/cnn_npu_0/inst/cnn_inst/conv2_inst/ifmap_index8_return__0 multiplier stage wafer_npu_bd_i/cnn_npu_0/inst/cnn_inst/conv2_inst/ifmap_index8_return__0/P[47:0] is not pipelined (MREG=0). Pipelining the multiplier function will improve performance and will save significant power so it is suggested whenever possible to fully pipeline this function.  If this multiplier was inferred, it is suggested to describe an additional register stage after this function.  If there is no registered adder/accumulator following the multiply function, two pipeline stages are suggested to allow both the MREG and PREG registers to be used.  If the DSP48 was instantiated in the design, it is suggested to set both the MREG and PREG attributes to 1 when performing multiply functions.
Related violations: <none>

DPOP-2#13 Warning
MREG Output pipelining  
DSP wafer_npu_bd_i/cnn_npu_0/inst/cnn_inst/conv2_inst/ifmap_index9_return multiplier stage wafer_npu_bd_i/cnn_npu_0/inst/cnn_inst/conv2_inst/ifmap_index9_return/P[47:0] is not pipelined (MREG=0). Pipelining the multiplier function will improve performance and will save significant power so it is suggested whenever possible to fully pipeline this function.  If this multiplier was inferred, it is suggested to describe an additional register stage after this function.  If there is no registered adder/accumulator following the multiply function, two pipeline stages are suggested to allow both the MREG and PREG registers to be used.  If the DSP48 was instantiated in the design, it is suggested to set both the MREG and PREG attributes to 1 when performing multiply functions.
Related violations: <none>

DPOP-2#14 Warning
MREG Output pipelining  
DSP wafer_npu_bd_i/cnn_npu_0/inst/cnn_inst/conv2_inst/ifmap_index9_return0 multiplier stage wafer_npu_bd_i/cnn_npu_0/inst/cnn_inst/conv2_inst/ifmap_index9_return0/P[47:0] is not pipelined (MREG=0). Pipelining the multiplier function will improve performance and will save significant power so it is suggested whenever possible to fully pipeline this function.  If this multiplier was inferred, it is suggested to describe an additional register stage after this function.  If there is no registered adder/accumulator following the multiply function, two pipeline stages are suggested to allow both the MREG and PREG registers to be used.  If the DSP48 was instantiated in the design, it is suggested to set both the MREG and PREG attributes to 1 when performing multiply functions.
Related violations: <none>

DPOP-2#15 Warning
MREG Output pipelining  
DSP wafer_npu_bd_i/cnn_npu_0/inst/cnn_inst/conv2_inst/ofmap_index1_return multiplier stage wafer_npu_bd_i/cnn_npu_0/inst/cnn_inst/conv2_inst/ofmap_index1_return/P[47:0] is not pipelined (MREG=0). Pipelining the multiplier function will improve performance and will save significant power so it is suggested whenever possible to fully pipeline this function.  If this multiplier was inferred, it is suggested to describe an additional register stage after this function.  If there is no registered adder/accumulator following the multiply function, two pipeline stages are suggested to allow both the MREG and PREG registers to be used.  If the DSP48 was instantiated in the design, it is suggested to set both the MREG and PREG attributes to 1 when performing multiply functions.
Related violations: <none>

DPOP-2#16 Warning
MREG Output pipelining  
DSP wafer_npu_bd_i/cnn_npu_0/inst/cnn_inst/conv2_inst/ofmap_index1_return1 multiplier stage wafer_npu_bd_i/cnn_npu_0/inst/cnn_inst/conv2_inst/ofmap_index1_return1/P[47:0] is not pipelined (MREG=0). Pipelining the multiplier function will improve performance and will save significant power so it is suggested whenever possible to fully pipeline this function.  If this multiplier was inferred, it is suggested to describe an additional register stage after this function.  If there is no registered adder/accumulator following the multiply function, two pipeline stages are suggested to allow both the MREG and PREG registers to be used.  If the DSP48 was instantiated in the design, it is suggested to set both the MREG and PREG attributes to 1 when performing multiply functions.
Related violations: <none>

DPOP-2#17 Warning
MREG Output pipelining  
DSP wafer_npu_bd_i/cnn_npu_0/inst/cnn_inst/pool1_inst/ifmap_index4_return multiplier stage wafer_npu_bd_i/cnn_npu_0/inst/cnn_inst/pool1_inst/ifmap_index4_return/P[47:0] is not pipelined (MREG=0). Pipelining the multiplier function will improve performance and will save significant power so it is suggested whenever possible to fully pipeline this function.  If this multiplier was inferred, it is suggested to describe an additional register stage after this function.  If there is no registered adder/accumulator following the multiply function, two pipeline stages are suggested to allow both the MREG and PREG registers to be used.  If the DSP48 was instantiated in the design, it is suggested to set both the MREG and PREG attributes to 1 when performing multiply functions.
Related violations: <none>

DPOP-2#18 Warning
MREG Output pipelining  
DSP wafer_npu_bd_i/cnn_npu_0/inst/cnn_inst/pool1_inst/ifmap_index4_return1 multiplier stage wafer_npu_bd_i/cnn_npu_0/inst/cnn_inst/pool1_inst/ifmap_index4_return1/P[47:0] is not pipelined (MREG=0). Pipelining the multiplier function will improve performance and will save significant power so it is suggested whenever possible to fully pipeline this function.  If this multiplier was inferred, it is suggested to describe an additional register stage after this function.  If there is no registered adder/accumulator following the multiply function, two pipeline stages are suggested to allow both the MREG and PREG registers to be used.  If the DSP48 was instantiated in the design, it is suggested to set both the MREG and PREG attributes to 1 when performing multiply functions.
Related violations: <none>

DPOP-2#19 Warning
MREG Output pipelining  
DSP wafer_npu_bd_i/cnn_npu_0/inst/cnn_inst/pool1_inst/ifmap_index4_return__0 multiplier stage wafer_npu_bd_i/cnn_npu_0/inst/cnn_inst/pool1_inst/ifmap_index4_return__0/P[47:0] is not pipelined (MREG=0). Pipelining the multiplier function will improve performance and will save significant power so it is suggested whenever possible to fully pipeline this function.  If this multiplier was inferred, it is suggested to describe an additional register stage after this function.  If there is no registered adder/accumulator following the multiply function, two pipeline stages are suggested to allow both the MREG and PREG registers to be used.  If the DSP48 was instantiated in the design, it is suggested to set both the MREG and PREG attributes to 1 when performing multiply functions.
Related violations: <none>

DPOP-2#20 Warning
MREG Output pipelining  
DSP wafer_npu_bd_i/cnn_npu_0/inst/cnn_inst/pool1_inst/ifmap_index5_return multiplier stage wafer_npu_bd_i/cnn_npu_0/inst/cnn_inst/pool1_inst/ifmap_index5_return/P[47:0] is not pipelined (MREG=0). Pipelining the multiplier function will improve performance and will save significant power so it is suggested whenever possible to fully pipeline this function.  If this multiplier was inferred, it is suggested to describe an additional register stage after this function.  If there is no registered adder/accumulator following the multiply function, two pipeline stages are suggested to allow both the MREG and PREG registers to be used.  If the DSP48 was instantiated in the design, it is suggested to set both the MREG and PREG attributes to 1 when performing multiply functions.
Related violations: <none>

DPOP-2#21 Warning
MREG Output pipelining  
DSP wafer_npu_bd_i/cnn_npu_0/inst/cnn_inst/pool1_inst/ifmap_index5_return0 multiplier stage wafer_npu_bd_i/cnn_npu_0/inst/cnn_inst/pool1_inst/ifmap_index5_return0/P[47:0] is not pipelined (MREG=0). Pipelining the multiplier function will improve performance and will save significant power so it is suggested whenever possible to fully pipeline this function.  If this multiplier was inferred, it is suggested to describe an additional register stage after this function.  If there is no registered adder/accumulator following the multiply function, two pipeline stages are suggested to allow both the MREG and PREG registers to be used.  If the DSP48 was instantiated in the design, it is suggested to set both the MREG and PREG attributes to 1 when performing multiply functions.
Related violations: <none>

DPOP-2#22 Warning
MREG Output pipelining  
DSP wafer_npu_bd_i/cnn_npu_0/inst/cnn_inst/pool1_inst/ifmap_index6_return multiplier stage wafer_npu_bd_i/cnn_npu_0/inst/cnn_inst/pool1_inst/ifmap_index6_return/P[47:0] is not pipelined (MREG=0). Pipelining the multiplier function will improve performance and will save significant power so it is suggested whenever possible to fully pipeline this function.  If this multiplier was inferred, it is suggested to describe an additional register stage after this function.  If there is no registered adder/accumulator following the multiply function, two pipeline stages are suggested to allow both the MREG and PREG registers to be used.  If the DSP48 was instantiated in the design, it is suggested to set both the MREG and PREG attributes to 1 when performing multiply functions.
Related violations: <none>

DPOP-2#23 Warning
MREG Output pipelining  
DSP wafer_npu_bd_i/cnn_npu_0/inst/cnn_inst/pool1_inst/ifmap_index6_return0 multiplier stage wafer_npu_bd_i/cnn_npu_0/inst/cnn_inst/pool1_inst/ifmap_index6_return0/P[47:0] is not pipelined (MREG=0). Pipelining the multiplier function will improve performance and will save significant power so it is suggested whenever possible to fully pipeline this function.  If this multiplier was inferred, it is suggested to describe an additional register stage after this function.  If there is no registered adder/accumulator following the multiply function, two pipeline stages are suggested to allow both the MREG and PREG registers to be used.  If the DSP48 was instantiated in the design, it is suggested to set both the MREG and PREG attributes to 1 when performing multiply functions.
Related violations: <none>

DPOP-2#24 Warning
MREG Output pipelining  
DSP wafer_npu_bd_i/cnn_npu_0/inst/cnn_inst/pool1_inst/ofmap_index0_return multiplier stage wafer_npu_bd_i/cnn_npu_0/inst/cnn_inst/pool1_inst/ofmap_index0_return/P[47:0] is not pipelined (MREG=0). Pipelining the multiplier function will improve performance and will save significant power so it is suggested whenever possible to fully pipeline this function.  If this multiplier was inferred, it is suggested to describe an additional register stage after this function.  If there is no registered adder/accumulator following the multiply function, two pipeline stages are suggested to allow both the MREG and PREG registers to be used.  If the DSP48 was instantiated in the design, it is suggested to set both the MREG and PREG attributes to 1 when performing multiply functions.
Related violations: <none>

DPOP-2#25 Warning
MREG Output pipelining  
DSP wafer_npu_bd_i/cnn_npu_0/inst/cnn_inst/pool1_inst/ofmap_index0_return1 multiplier stage wafer_npu_bd_i/cnn_npu_0/inst/cnn_inst/pool1_inst/ofmap_index0_return1/P[47:0] is not pipelined (MREG=0). Pipelining the multiplier function will improve performance and will save significant power so it is suggested whenever possible to fully pipeline this function.  If this multiplier was inferred, it is suggested to describe an additional register stage after this function.  If there is no registered adder/accumulator following the multiply function, two pipeline stages are suggested to allow both the MREG and PREG registers to be used.  If the DSP48 was instantiated in the design, it is suggested to set both the MREG and PREG attributes to 1 when performing multiply functions.
Related violations: <none>

DPOP-2#26 Warning
MREG Output pipelining  
DSP wafer_npu_bd_i/cnn_npu_0/inst/cnn_inst/pool2_inst/ifmap_index12_return multiplier stage wafer_npu_bd_i/cnn_npu_0/inst/cnn_inst/pool2_inst/ifmap_index12_return/P[47:0] is not pipelined (MREG=0). Pipelining the multiplier function will improve performance and will save significant power so it is suggested whenever possible to fully pipeline this function.  If this multiplier was inferred, it is suggested to describe an additional register stage after this function.  If there is no registered adder/accumulator following the multiply function, two pipeline stages are suggested to allow both the MREG and PREG registers to be used.  If the DSP48 was instantiated in the design, it is suggested to set both the MREG and PREG attributes to 1 when performing multiply functions.
Related violations: <none>

DPOP-2#27 Warning
MREG Output pipelining  
DSP wafer_npu_bd_i/cnn_npu_0/inst/cnn_inst/pool2_inst/ifmap_index12_return1 multiplier stage wafer_npu_bd_i/cnn_npu_0/inst/cnn_inst/pool2_inst/ifmap_index12_return1/P[47:0] is not pipelined (MREG=0). Pipelining the multiplier function will improve performance and will save significant power so it is suggested whenever possible to fully pipeline this function.  If this multiplier was inferred, it is suggested to describe an additional register stage after this function.  If there is no registered adder/accumulator following the multiply function, two pipeline stages are suggested to allow both the MREG and PREG registers to be used.  If the DSP48 was instantiated in the design, it is suggested to set both the MREG and PREG attributes to 1 when performing multiply functions.
Related violations: <none>

DPOP-2#28 Warning
MREG Output pipelining  
DSP wafer_npu_bd_i/cnn_npu_0/inst/cnn_inst/pool2_inst/ifmap_index12_return__0 multiplier stage wafer_npu_bd_i/cnn_npu_0/inst/cnn_inst/pool2_inst/ifmap_index12_return__0/P[47:0] is not pipelined (MREG=0). Pipelining the multiplier function will improve performance and will save significant power so it is suggested whenever possible to fully pipeline this function.  If this multiplier was inferred, it is suggested to describe an additional register stage after this function.  If there is no registered adder/accumulator following the multiply function, two pipeline stages are suggested to allow both the MREG and PREG registers to be used.  If the DSP48 was instantiated in the design, it is suggested to set both the MREG and PREG attributes to 1 when performing multiply functions.
Related violations: <none>

DPOP-2#29 Warning
MREG Output pipelining  
DSP wafer_npu_bd_i/cnn_npu_0/inst/cnn_inst/pool2_inst/ifmap_index13_return multiplier stage wafer_npu_bd_i/cnn_npu_0/inst/cnn_inst/pool2_inst/ifmap_index13_return/P[47:0] is not pipelined (MREG=0). Pipelining the multiplier function will improve performance and will save significant power so it is suggested whenever possible to fully pipeline this function.  If this multiplier was inferred, it is suggested to describe an additional register stage after this function.  If there is no registered adder/accumulator following the multiply function, two pipeline stages are suggested to allow both the MREG and PREG registers to be used.  If the DSP48 was instantiated in the design, it is suggested to set both the MREG and PREG attributes to 1 when performing multiply functions.
Related violations: <none>

DPOP-2#30 Warning
MREG Output pipelining  
DSP wafer_npu_bd_i/cnn_npu_0/inst/cnn_inst/pool2_inst/ifmap_index13_return0 multiplier stage wafer_npu_bd_i/cnn_npu_0/inst/cnn_inst/pool2_inst/ifmap_index13_return0/P[47:0] is not pipelined (MREG=0). Pipelining the multiplier function will improve performance and will save significant power so it is suggested whenever possible to fully pipeline this function.  If this multiplier was inferred, it is suggested to describe an additional register stage after this function.  If there is no registered adder/accumulator following the multiply function, two pipeline stages are suggested to allow both the MREG and PREG registers to be used.  If the DSP48 was instantiated in the design, it is suggested to set both the MREG and PREG attributes to 1 when performing multiply functions.
Related violations: <none>

DPOP-2#31 Warning
MREG Output pipelining  
DSP wafer_npu_bd_i/cnn_npu_0/inst/cnn_inst/pool2_inst/ifmap_index14_return multiplier stage wafer_npu_bd_i/cnn_npu_0/inst/cnn_inst/pool2_inst/ifmap_index14_return/P[47:0] is not pipelined (MREG=0). Pipelining the multiplier function will improve performance and will save significant power so it is suggested whenever possible to fully pipeline this function.  If this multiplier was inferred, it is suggested to describe an additional register stage after this function.  If there is no registered adder/accumulator following the multiply function, two pipeline stages are suggested to allow both the MREG and PREG registers to be used.  If the DSP48 was instantiated in the design, it is suggested to set both the MREG and PREG attributes to 1 when performing multiply functions.
Related violations: <none>

DPOP-2#32 Warning
MREG Output pipelining  
DSP wafer_npu_bd_i/cnn_npu_0/inst/cnn_inst/pool2_inst/ifmap_index14_return0 multiplier stage wafer_npu_bd_i/cnn_npu_0/inst/cnn_inst/pool2_inst/ifmap_index14_return0/P[47:0] is not pipelined (MREG=0). Pipelining the multiplier function will improve performance and will save significant power so it is suggested whenever possible to fully pipeline this function.  If this multiplier was inferred, it is suggested to describe an additional register stage after this function.  If there is no registered adder/accumulator following the multiply function, two pipeline stages are suggested to allow both the MREG and PREG registers to be used.  If the DSP48 was instantiated in the design, it is suggested to set both the MREG and PREG attributes to 1 when performing multiply functions.
Related violations: <none>

PDRC-138#1 Warning
SLICE_PairEqSame_D6D5_WARN  
Luts D6LUT and D5LUT in use in site SLICE_X31Y61 with different equations without A6 pin connected to Global Logic High.
Related violations: <none>

REQP-1839#1 Warning
RAMB36 async control check  
The RAMB36E1 wafer_npu_bd_i/cnn_npu_0/inst/cnn_inst/pool3_out_mem_reg has an input control pin wafer_npu_bd_i/cnn_npu_0/inst/cnn_inst/pool3_out_mem_reg/ADDRARDADDR[10] (net: wafer_npu_bd_i/cnn_npu_0/inst/cnn_inst/pool3_ofmap_addr[7]) which is driven by a register (wafer_npu_bd_i/cnn_npu_0/inst/cnn_inst/pool3_inst/ofmap_addr_reg[7]) that has an active asychronous set or reset. This may cause corruption of the memory contents and/or read values when the set/reset is asserted and is not analyzed by the default static timing analysis. It is suggested to eliminate the use of a set/reset to registers driving this RAMB pin or else use a synchronous reset in which the assertion of the reset is timed by default.
Related violations: <none>

REQP-1839#2 Warning
RAMB36 async control check  
The RAMB36E1 wafer_npu_bd_i/cnn_npu_0/inst/cnn_inst/pool3_out_mem_reg has an input control pin wafer_npu_bd_i/cnn_npu_0/inst/cnn_inst/pool3_out_mem_reg/ADDRARDADDR[11] (net: wafer_npu_bd_i/cnn_npu_0/inst/cnn_inst/pool3_ofmap_addr[8]) which is driven by a register (wafer_npu_bd_i/cnn_npu_0/inst/cnn_inst/pool3_inst/ofmap_addr_reg[8]) that has an active asychronous set or reset. This may cause corruption of the memory contents and/or read values when the set/reset is asserted and is not analyzed by the default static timing analysis. It is suggested to eliminate the use of a set/reset to registers driving this RAMB pin or else use a synchronous reset in which the assertion of the reset is timed by default.
Related violations: <none>

REQP-1839#3 Warning
RAMB36 async control check  
The RAMB36E1 wafer_npu_bd_i/cnn_npu_0/inst/cnn_inst/pool3_out_mem_reg has an input control pin wafer_npu_bd_i/cnn_npu_0/inst/cnn_inst/pool3_out_mem_reg/ADDRARDADDR[12] (net: wafer_npu_bd_i/cnn_npu_0/inst/cnn_inst/pool3_ofmap_addr[9]) which is driven by a register (wafer_npu_bd_i/cnn_npu_0/inst/cnn_inst/pool3_inst/ofmap_addr_reg[9]) that has an active asychronous set or reset. This may cause corruption of the memory contents and/or read values when the set/reset is asserted and is not analyzed by the default static timing analysis. It is suggested to eliminate the use of a set/reset to registers driving this RAMB pin or else use a synchronous reset in which the assertion of the reset is timed by default.
Related violations: <none>

REQP-1839#4 Warning
RAMB36 async control check  
The RAMB36E1 wafer_npu_bd_i/cnn_npu_0/inst/cnn_inst/pool3_out_mem_reg has an input control pin wafer_npu_bd_i/cnn_npu_0/inst/cnn_inst/pool3_out_mem_reg/ADDRARDADDR[13] (net: wafer_npu_bd_i/cnn_npu_0/inst/cnn_inst/pool3_ofmap_addr[10]) which is driven by a register (wafer_npu_bd_i/cnn_npu_0/inst/cnn_inst/pool3_inst/ofmap_addr_reg[10]) that has an active asychronous set or reset. This may cause corruption of the memory contents and/or read values when the set/reset is asserted and is not analyzed by the default static timing analysis. It is suggested to eliminate the use of a set/reset to registers driving this RAMB pin or else use a synchronous reset in which the assertion of the reset is timed by default.
Related violations: <none>

REQP-1839#5 Warning
RAMB36 async control check  
The RAMB36E1 wafer_npu_bd_i/cnn_npu_0/inst/cnn_inst/pool3_out_mem_reg has an input control pin wafer_npu_bd_i/cnn_npu_0/inst/cnn_inst/pool3_out_mem_reg/ADDRARDADDR[14] (net: wafer_npu_bd_i/cnn_npu_0/inst/cnn_inst/pool3_ofmap_addr[11]) which is driven by a register (wafer_npu_bd_i/cnn_npu_0/inst/cnn_inst/pool3_inst/ofmap_addr_reg[11]) that has an active asychronous set or reset. This may cause corruption of the memory contents and/or read values when the set/reset is asserted and is not analyzed by the default static timing analysis. It is suggested to eliminate the use of a set/reset to registers driving this RAMB pin or else use a synchronous reset in which the assertion of the reset is timed by default.
Related violations: <none>

REQP-1839#6 Warning
RAMB36 async control check  
The RAMB36E1 wafer_npu_bd_i/cnn_npu_0/inst/cnn_inst/pool3_out_mem_reg has an input control pin wafer_npu_bd_i/cnn_npu_0/inst/cnn_inst/pool3_out_mem_reg/ADDRARDADDR[3] (net: wafer_npu_bd_i/cnn_npu_0/inst/cnn_inst/pool3_ofmap_addr[0]) which is driven by a register (wafer_npu_bd_i/cnn_npu_0/inst/cnn_inst/pool3_inst/ofmap_addr_reg[0]) that has an active asychronous set or reset. This may cause corruption of the memory contents and/or read values when the set/reset is asserted and is not analyzed by the default static timing analysis. It is suggested to eliminate the use of a set/reset to registers driving this RAMB pin or else use a synchronous reset in which the assertion of the reset is timed by default.
Related violations: <none>

REQP-1839#7 Warning
RAMB36 async control check  
The RAMB36E1 wafer_npu_bd_i/cnn_npu_0/inst/cnn_inst/pool3_out_mem_reg has an input control pin wafer_npu_bd_i/cnn_npu_0/inst/cnn_inst/pool3_out_mem_reg/ADDRARDADDR[4] (net: wafer_npu_bd_i/cnn_npu_0/inst/cnn_inst/pool3_ofmap_addr[1]) which is driven by a register (wafer_npu_bd_i/cnn_npu_0/inst/cnn_inst/pool3_inst/ofmap_addr_reg[1]) that has an active asychronous set or reset. This may cause corruption of the memory contents and/or read values when the set/reset is asserted and is not analyzed by the default static timing analysis. It is suggested to eliminate the use of a set/reset to registers driving this RAMB pin or else use a synchronous reset in which the assertion of the reset is timed by default.
Related violations: <none>

REQP-1839#8 Warning
RAMB36 async control check  
The RAMB36E1 wafer_npu_bd_i/cnn_npu_0/inst/cnn_inst/pool3_out_mem_reg has an input control pin wafer_npu_bd_i/cnn_npu_0/inst/cnn_inst/pool3_out_mem_reg/ADDRARDADDR[5] (net: wafer_npu_bd_i/cnn_npu_0/inst/cnn_inst/pool3_ofmap_addr[2]) which is driven by a register (wafer_npu_bd_i/cnn_npu_0/inst/cnn_inst/pool3_inst/ofmap_addr_reg[2]) that has an active asychronous set or reset. This may cause corruption of the memory contents and/or read values when the set/reset is asserted and is not analyzed by the default static timing analysis. It is suggested to eliminate the use of a set/reset to registers driving this RAMB pin or else use a synchronous reset in which the assertion of the reset is timed by default.
Related violations: <none>

REQP-1839#9 Warning
RAMB36 async control check  
The RAMB36E1 wafer_npu_bd_i/cnn_npu_0/inst/cnn_inst/pool3_out_mem_reg has an input control pin wafer_npu_bd_i/cnn_npu_0/inst/cnn_inst/pool3_out_mem_reg/ADDRARDADDR[6] (net: wafer_npu_bd_i/cnn_npu_0/inst/cnn_inst/pool3_ofmap_addr[3]) which is driven by a register (wafer_npu_bd_i/cnn_npu_0/inst/cnn_inst/pool3_inst/ofmap_addr_reg[3]) that has an active asychronous set or reset. This may cause corruption of the memory contents and/or read values when the set/reset is asserted and is not analyzed by the default static timing analysis. It is suggested to eliminate the use of a set/reset to registers driving this RAMB pin or else use a synchronous reset in which the assertion of the reset is timed by default.
Related violations: <none>

REQP-1839#10 Warning
RAMB36 async control check  
The RAMB36E1 wafer_npu_bd_i/cnn_npu_0/inst/cnn_inst/pool3_out_mem_reg has an input control pin wafer_npu_bd_i/cnn_npu_0/inst/cnn_inst/pool3_out_mem_reg/ADDRARDADDR[7] (net: wafer_npu_bd_i/cnn_npu_0/inst/cnn_inst/pool3_ofmap_addr[4]) which is driven by a register (wafer_npu_bd_i/cnn_npu_0/inst/cnn_inst/pool3_inst/ofmap_addr_reg[4]) that has an active asychronous set or reset. This may cause corruption of the memory contents and/or read values when the set/reset is asserted and is not analyzed by the default static timing analysis. It is suggested to eliminate the use of a set/reset to registers driving this RAMB pin or else use a synchronous reset in which the assertion of the reset is timed by default.
Related violations: <none>

REQP-1839#11 Warning
RAMB36 async control check  
The RAMB36E1 wafer_npu_bd_i/cnn_npu_0/inst/cnn_inst/pool3_out_mem_reg has an input control pin wafer_npu_bd_i/cnn_npu_0/inst/cnn_inst/pool3_out_mem_reg/ADDRARDADDR[8] (net: wafer_npu_bd_i/cnn_npu_0/inst/cnn_inst/pool3_ofmap_addr[5]) which is driven by a register (wafer_npu_bd_i/cnn_npu_0/inst/cnn_inst/pool3_inst/ofmap_addr_reg[5]) that has an active asychronous set or reset. This may cause corruption of the memory contents and/or read values when the set/reset is asserted and is not analyzed by the default static timing analysis. It is suggested to eliminate the use of a set/reset to registers driving this RAMB pin or else use a synchronous reset in which the assertion of the reset is timed by default.
Related violations: <none>

REQP-1839#12 Warning
RAMB36 async control check  
The RAMB36E1 wafer_npu_bd_i/cnn_npu_0/inst/cnn_inst/pool3_out_mem_reg has an input control pin wafer_npu_bd_i/cnn_npu_0/inst/cnn_inst/pool3_out_mem_reg/ADDRARDADDR[9] (net: wafer_npu_bd_i/cnn_npu_0/inst/cnn_inst/pool3_ofmap_addr[6]) which is driven by a register (wafer_npu_bd_i/cnn_npu_0/inst/cnn_inst/pool3_inst/ofmap_addr_reg[6]) that has an active asychronous set or reset. This may cause corruption of the memory contents and/or read values when the set/reset is asserted and is not analyzed by the default static timing analysis. It is suggested to eliminate the use of a set/reset to registers driving this RAMB pin or else use a synchronous reset in which the assertion of the reset is timed by default.
Related violations: <none>

REQP-1839#13 Warning
RAMB36 async control check  
The RAMB36E1 wafer_npu_bd_i/cnn_npu_0/inst/cnn_inst/pool3_out_mem_reg has an input control pin wafer_npu_bd_i/cnn_npu_0/inst/cnn_inst/pool3_out_mem_reg/ADDRBWRADDR[10] (net: wafer_npu_bd_i/cnn_npu_0/inst/cnn_inst/gap_ifmap_addr[7]) which is driven by a register (wafer_npu_bd_i/cnn_npu_0/inst/cnn_inst/gap_inst/ifmap_addr_reg[7]) that has an active asychronous set or reset. This may cause corruption of the memory contents and/or read values when the set/reset is asserted and is not analyzed by the default static timing analysis. It is suggested to eliminate the use of a set/reset to registers driving this RAMB pin or else use a synchronous reset in which the assertion of the reset is timed by default.
Related violations: <none>

REQP-1839#14 Warning
RAMB36 async control check  
The RAMB36E1 wafer_npu_bd_i/cnn_npu_0/inst/cnn_inst/pool3_out_mem_reg has an input control pin wafer_npu_bd_i/cnn_npu_0/inst/cnn_inst/pool3_out_mem_reg/ADDRBWRADDR[11] (net: wafer_npu_bd_i/cnn_npu_0/inst/cnn_inst/gap_ifmap_addr[8]) which is driven by a register (wafer_npu_bd_i/cnn_npu_0/inst/cnn_inst/gap_inst/ifmap_addr_reg[8]) that has an active asychronous set or reset. This may cause corruption of the memory contents and/or read values when the set/reset is asserted and is not analyzed by the default static timing analysis. It is suggested to eliminate the use of a set/reset to registers driving this RAMB pin or else use a synchronous reset in which the assertion of the reset is timed by default.
Related violations: <none>

REQP-1839#15 Warning
RAMB36 async control check  
The RAMB36E1 wafer_npu_bd_i/cnn_npu_0/inst/cnn_inst/pool3_out_mem_reg has an input control pin wafer_npu_bd_i/cnn_npu_0/inst/cnn_inst/pool3_out_mem_reg/ADDRBWRADDR[12] (net: wafer_npu_bd_i/cnn_npu_0/inst/cnn_inst/gap_ifmap_addr[9]) which is driven by a register (wafer_npu_bd_i/cnn_npu_0/inst/cnn_inst/gap_inst/ifmap_addr_reg[9]) that has an active asychronous set or reset. This may cause corruption of the memory contents and/or read values when the set/reset is asserted and is not analyzed by the default static timing analysis. It is suggested to eliminate the use of a set/reset to registers driving this RAMB pin or else use a synchronous reset in which the assertion of the reset is timed by default.
Related violations: <none>

REQP-1839#16 Warning
RAMB36 async control check  
The RAMB36E1 wafer_npu_bd_i/cnn_npu_0/inst/cnn_inst/pool3_out_mem_reg has an input control pin wafer_npu_bd_i/cnn_npu_0/inst/cnn_inst/pool3_out_mem_reg/ADDRBWRADDR[13] (net: wafer_npu_bd_i/cnn_npu_0/inst/cnn_inst/gap_ifmap_addr[10]) which is driven by a register (wafer_npu_bd_i/cnn_npu_0/inst/cnn_inst/gap_inst/ifmap_addr_reg[10]) that has an active asychronous set or reset. This may cause corruption of the memory contents and/or read values when the set/reset is asserted and is not analyzed by the default static timing analysis. It is suggested to eliminate the use of a set/reset to registers driving this RAMB pin or else use a synchronous reset in which the assertion of the reset is timed by default.
Related violations: <none>

REQP-1839#17 Warning
RAMB36 async control check  
The RAMB36E1 wafer_npu_bd_i/cnn_npu_0/inst/cnn_inst/pool3_out_mem_reg has an input control pin wafer_npu_bd_i/cnn_npu_0/inst/cnn_inst/pool3_out_mem_reg/ADDRBWRADDR[14] (net: wafer_npu_bd_i/cnn_npu_0/inst/cnn_inst/gap_ifmap_addr[11]) which is driven by a register (wafer_npu_bd_i/cnn_npu_0/inst/cnn_inst/gap_inst/ifmap_addr_reg[11]) that has an active asychronous set or reset. This may cause corruption of the memory contents and/or read values when the set/reset is asserted and is not analyzed by the default static timing analysis. It is suggested to eliminate the use of a set/reset to registers driving this RAMB pin or else use a synchronous reset in which the assertion of the reset is timed by default.
Related violations: <none>

REQP-1839#18 Warning
RAMB36 async control check  
The RAMB36E1 wafer_npu_bd_i/cnn_npu_0/inst/cnn_inst/pool3_out_mem_reg has an input control pin wafer_npu_bd_i/cnn_npu_0/inst/cnn_inst/pool3_out_mem_reg/ADDRBWRADDR[7] (net: wafer_npu_bd_i/cnn_npu_0/inst/cnn_inst/gap_ifmap_addr[4]) which is driven by a register (wafer_npu_bd_i/cnn_npu_0/inst/cnn_inst/gap_inst/ifmap_addr_reg[4]) that has an active asychronous set or reset. This may cause corruption of the memory contents and/or read values when the set/reset is asserted and is not analyzed by the default static timing analysis. It is suggested to eliminate the use of a set/reset to registers driving this RAMB pin or else use a synchronous reset in which the assertion of the reset is timed by default.
Related violations: <none>

REQP-1839#19 Warning
RAMB36 async control check  
The RAMB36E1 wafer_npu_bd_i/cnn_npu_0/inst/cnn_inst/pool3_out_mem_reg has an input control pin wafer_npu_bd_i/cnn_npu_0/inst/cnn_inst/pool3_out_mem_reg/ADDRBWRADDR[8] (net: wafer_npu_bd_i/cnn_npu_0/inst/cnn_inst/gap_ifmap_addr[5]) which is driven by a register (wafer_npu_bd_i/cnn_npu_0/inst/cnn_inst/gap_inst/ifmap_addr_reg[5]) that has an active asychronous set or reset. This may cause corruption of the memory contents and/or read values when the set/reset is asserted and is not analyzed by the default static timing analysis. It is suggested to eliminate the use of a set/reset to registers driving this RAMB pin or else use a synchronous reset in which the assertion of the reset is timed by default.
Related violations: <none>

REQP-1839#20 Warning
RAMB36 async control check  
The RAMB36E1 wafer_npu_bd_i/cnn_npu_0/inst/cnn_inst/pool3_out_mem_reg has an input control pin wafer_npu_bd_i/cnn_npu_0/inst/cnn_inst/pool3_out_mem_reg/ADDRBWRADDR[9] (net: wafer_npu_bd_i/cnn_npu_0/inst/cnn_inst/gap_ifmap_addr[6]) which is driven by a register (wafer_npu_bd_i/cnn_npu_0/inst/cnn_inst/gap_inst/ifmap_addr_reg[6]) that has an active asychronous set or reset. This may cause corruption of the memory contents and/or read values when the set/reset is asserted and is not analyzed by the default static timing analysis. It is suggested to eliminate the use of a set/reset to registers driving this RAMB pin or else use a synchronous reset in which the assertion of the reset is timed by default.
Related violations: <none>

REQP-1840#1 Warning
RAMB18 async control check  
The RAMB18E1 wafer_npu_bd_i/cnn_npu_0/inst/cnn_inst/conv2_weight_rdata_reg has an input control pin wafer_npu_bd_i/cnn_npu_0/inst/cnn_inst/conv2_weight_rdata_reg/ADDRARDADDR[10] (net: wafer_npu_bd_i/cnn_npu_0/inst/cnn_inst/conv2_inst_n_43) which is driven by a register (wafer_npu_bd_i/cnn_npu_0/inst/cnn_inst/conv2_inst/weight_addr_reg[7]) that has an active asychronous set or reset. This may cause corruption of the memory contents and/or read values when the set/reset is asserted and is not analyzed by the default static timing analysis. It is suggested to eliminate the use of a set/reset to registers driving this RAMB pin or else use a synchronous reset in which the assertion of the reset is timed by default.
Related violations: <none>

REQP-1840#2 Warning
RAMB18 async control check  
The RAMB18E1 wafer_npu_bd_i/cnn_npu_0/inst/cnn_inst/conv2_weight_rdata_reg has an input control pin wafer_npu_bd_i/cnn_npu_0/inst/cnn_inst/conv2_weight_rdata_reg/ADDRARDADDR[11] (net: wafer_npu_bd_i/cnn_npu_0/inst/cnn_inst/conv2_inst_n_42) which is driven by a register (wafer_npu_bd_i/cnn_npu_0/inst/cnn_inst/conv2_inst/weight_addr_reg[8]) that has an active asychronous set or reset. This may cause corruption of the memory contents and/or read values when the set/reset is asserted and is not analyzed by the default static timing analysis. It is suggested to eliminate the use of a set/reset to registers driving this RAMB pin or else use a synchronous reset in which the assertion of the reset is timed by default.
Related violations: <none>

REQP-1840#3 Warning
RAMB18 async control check  
The RAMB18E1 wafer_npu_bd_i/cnn_npu_0/inst/cnn_inst/conv2_weight_rdata_reg has an input control pin wafer_npu_bd_i/cnn_npu_0/inst/cnn_inst/conv2_weight_rdata_reg/ADDRARDADDR[12] (net: wafer_npu_bd_i/cnn_npu_0/inst/cnn_inst/conv2_inst_n_41) which is driven by a register (wafer_npu_bd_i/cnn_npu_0/inst/cnn_inst/conv2_inst/weight_addr_reg[9]) that has an active asychronous set or reset. This may cause corruption of the memory contents and/or read values when the set/reset is asserted and is not analyzed by the default static timing analysis. It is suggested to eliminate the use of a set/reset to registers driving this RAMB pin or else use a synchronous reset in which the assertion of the reset is timed by default.
Related violations: <none>

REQP-1840#4 Warning
RAMB18 async control check  
The RAMB18E1 wafer_npu_bd_i/cnn_npu_0/inst/cnn_inst/conv2_weight_rdata_reg has an input control pin wafer_npu_bd_i/cnn_npu_0/inst/cnn_inst/conv2_weight_rdata_reg/ADDRARDADDR[13] (net: wafer_npu_bd_i/cnn_npu_0/inst/cnn_inst/conv2_inst_n_40) which is driven by a register (wafer_npu_bd_i/cnn_npu_0/inst/cnn_inst/conv2_inst/weight_addr_reg[10]) that has an active asychronous set or reset. This may cause corruption of the memory contents and/or read values when the set/reset is asserted and is not analyzed by the default static timing analysis. It is suggested to eliminate the use of a set/reset to registers driving this RAMB pin or else use a synchronous reset in which the assertion of the reset is timed by default.
Related violations: <none>

REQP-1840#5 Warning
RAMB18 async control check  
The RAMB18E1 wafer_npu_bd_i/cnn_npu_0/inst/cnn_inst/conv2_weight_rdata_reg has an input control pin wafer_npu_bd_i/cnn_npu_0/inst/cnn_inst/conv2_weight_rdata_reg/ADDRARDADDR[4] (net: wafer_npu_bd_i/cnn_npu_0/inst/cnn_inst/conv2_inst_n_49) which is driven by a register (wafer_npu_bd_i/cnn_npu_0/inst/cnn_inst/conv2_inst/weight_addr_reg[1]) that has an active asychronous set or reset. This may cause corruption of the memory contents and/or read values when the set/reset is asserted and is not analyzed by the default static timing analysis. It is suggested to eliminate the use of a set/reset to registers driving this RAMB pin or else use a synchronous reset in which the assertion of the reset is timed by default.
Related violations: <none>

REQP-1840#6 Warning
RAMB18 async control check  
The RAMB18E1 wafer_npu_bd_i/cnn_npu_0/inst/cnn_inst/conv2_weight_rdata_reg has an input control pin wafer_npu_bd_i/cnn_npu_0/inst/cnn_inst/conv2_weight_rdata_reg/ADDRARDADDR[5] (net: wafer_npu_bd_i/cnn_npu_0/inst/cnn_inst/conv2_inst_n_48) which is driven by a register (wafer_npu_bd_i/cnn_npu_0/inst/cnn_inst/conv2_inst/weight_addr_reg[2]) that has an active asychronous set or reset. This may cause corruption of the memory contents and/or read values when the set/reset is asserted and is not analyzed by the default static timing analysis. It is suggested to eliminate the use of a set/reset to registers driving this RAMB pin or else use a synchronous reset in which the assertion of the reset is timed by default.
Related violations: <none>

REQP-1840#7 Warning
RAMB18 async control check  
The RAMB18E1 wafer_npu_bd_i/cnn_npu_0/inst/cnn_inst/conv2_weight_rdata_reg has an input control pin wafer_npu_bd_i/cnn_npu_0/inst/cnn_inst/conv2_weight_rdata_reg/ADDRARDADDR[6] (net: wafer_npu_bd_i/cnn_npu_0/inst/cnn_inst/conv2_inst_n_47) which is driven by a register (wafer_npu_bd_i/cnn_npu_0/inst/cnn_inst/conv2_inst/weight_addr_reg[3]) that has an active asychronous set or reset. This may cause corruption of the memory contents and/or read values when the set/reset is asserted and is not analyzed by the default static timing analysis. It is suggested to eliminate the use of a set/reset to registers driving this RAMB pin or else use a synchronous reset in which the assertion of the reset is timed by default.
Related violations: <none>

REQP-1840#8 Warning
RAMB18 async control check  
The RAMB18E1 wafer_npu_bd_i/cnn_npu_0/inst/cnn_inst/conv2_weight_rdata_reg has an input control pin wafer_npu_bd_i/cnn_npu_0/inst/cnn_inst/conv2_weight_rdata_reg/ADDRARDADDR[7] (net: wafer_npu_bd_i/cnn_npu_0/inst/cnn_inst/conv2_inst_n_46) which is driven by a register (wafer_npu_bd_i/cnn_npu_0/inst/cnn_inst/conv2_inst/weight_addr_reg[4]) that has an active asychronous set or reset. This may cause corruption of the memory contents and/or read values when the set/reset is asserted and is not analyzed by the default static timing analysis. It is suggested to eliminate the use of a set/reset to registers driving this RAMB pin or else use a synchronous reset in which the assertion of the reset is timed by default.
Related violations: <none>

REQP-1840#9 Warning
RAMB18 async control check  
The RAMB18E1 wafer_npu_bd_i/cnn_npu_0/inst/cnn_inst/conv2_weight_rdata_reg has an input control pin wafer_npu_bd_i/cnn_npu_0/inst/cnn_inst/conv2_weight_rdata_reg/ADDRARDADDR[8] (net: wafer_npu_bd_i/cnn_npu_0/inst/cnn_inst/conv2_inst_n_45) which is driven by a register (wafer_npu_bd_i/cnn_npu_0/inst/cnn_inst/conv2_inst/weight_addr_reg[5]) that has an active asychronous set or reset. This may cause corruption of the memory contents and/or read values when the set/reset is asserted and is not analyzed by the default static timing analysis. It is suggested to eliminate the use of a set/reset to registers driving this RAMB pin or else use a synchronous reset in which the assertion of the reset is timed by default.
Related violations: <none>

REQP-1840#10 Warning
RAMB18 async control check  
The RAMB18E1 wafer_npu_bd_i/cnn_npu_0/inst/cnn_inst/conv2_weight_rdata_reg has an input control pin wafer_npu_bd_i/cnn_npu_0/inst/cnn_inst/conv2_weight_rdata_reg/ADDRARDADDR[9] (net: wafer_npu_bd_i/cnn_npu_0/inst/cnn_inst/conv2_inst_n_44) which is driven by a register (wafer_npu_bd_i/cnn_npu_0/inst/cnn_inst/conv2_inst/weight_addr_reg[6]) that has an active asychronous set or reset. This may cause corruption of the memory contents and/or read values when the set/reset is asserted and is not analyzed by the default static timing analysis. It is suggested to eliminate the use of a set/reset to registers driving this RAMB pin or else use a synchronous reset in which the assertion of the reset is timed by default.
Related violations: <none>

REQP-1840#11 Warning
RAMB18 async control check  
The RAMB18E1 wafer_npu_bd_i/cnn_npu_0/inst/cnn_inst/fc_weight_rdata_reg has an input control pin wafer_npu_bd_i/cnn_npu_0/inst/cnn_inst/fc_weight_rdata_reg/ADDRARDADDR[10] (net: wafer_npu_bd_i/cnn_npu_0/inst/cnn_inst/fc_inst_n_18) which is driven by a register (wafer_npu_bd_i/cnn_npu_0/inst/cnn_inst/fc_inst/weight_addr_reg[6]) that has an active asychronous set or reset. This may cause corruption of the memory contents and/or read values when the set/reset is asserted and is not analyzed by the default static timing analysis. It is suggested to eliminate the use of a set/reset to registers driving this RAMB pin or else use a synchronous reset in which the assertion of the reset is timed by default.
Related violations: <none>

REQP-1840#12 Warning
RAMB18 async control check  
The RAMB18E1 wafer_npu_bd_i/cnn_npu_0/inst/cnn_inst/fc_weight_rdata_reg has an input control pin wafer_npu_bd_i/cnn_npu_0/inst/cnn_inst/fc_weight_rdata_reg/ADDRARDADDR[11] (net: wafer_npu_bd_i/cnn_npu_0/inst/cnn_inst/fc_inst_n_17) which is driven by a register (wafer_npu_bd_i/cnn_npu_0/inst/cnn_inst/fc_inst/weight_addr_reg[7]) that has an active asychronous set or reset. This may cause corruption of the memory contents and/or read values when the set/reset is asserted and is not analyzed by the default static timing analysis. It is suggested to eliminate the use of a set/reset to registers driving this RAMB pin or else use a synchronous reset in which the assertion of the reset is timed by default.
Related violations: <none>

REQP-1840#13 Warning
RAMB18 async control check  
The RAMB18E1 wafer_npu_bd_i/cnn_npu_0/inst/cnn_inst/fc_weight_rdata_reg has an input control pin wafer_npu_bd_i/cnn_npu_0/inst/cnn_inst/fc_weight_rdata_reg/ADDRARDADDR[12] (net: wafer_npu_bd_i/cnn_npu_0/inst/cnn_inst/fc_inst_n_16) which is driven by a register (wafer_npu_bd_i/cnn_npu_0/inst/cnn_inst/fc_inst/weight_addr_reg[8]) that has an active asychronous set or reset. This may cause corruption of the memory contents and/or read values when the set/reset is asserted and is not analyzed by the default static timing analysis. It is suggested to eliminate the use of a set/reset to registers driving this RAMB pin or else use a synchronous reset in which the assertion of the reset is timed by default.
Related violations: <none>

REQP-1840#14 Warning
RAMB18 async control check  
The RAMB18E1 wafer_npu_bd_i/cnn_npu_0/inst/cnn_inst/fc_weight_rdata_reg has an input control pin wafer_npu_bd_i/cnn_npu_0/inst/cnn_inst/fc_weight_rdata_reg/ADDRARDADDR[13] (net: wafer_npu_bd_i/cnn_npu_0/inst/cnn_inst/fc_inst_n_15) which is driven by a register (wafer_npu_bd_i/cnn_npu_0/inst/cnn_inst/fc_inst/weight_addr_reg[9]) that has an active asychronous set or reset. This may cause corruption of the memory contents and/or read values when the set/reset is asserted and is not analyzed by the default static timing analysis. It is suggested to eliminate the use of a set/reset to registers driving this RAMB pin or else use a synchronous reset in which the assertion of the reset is timed by default.
Related violations: <none>

REQP-1840#15 Warning
RAMB18 async control check  
The RAMB18E1 wafer_npu_bd_i/cnn_npu_0/inst/cnn_inst/fc_weight_rdata_reg has an input control pin wafer_npu_bd_i/cnn_npu_0/inst/cnn_inst/fc_weight_rdata_reg/ADDRARDADDR[4] (net: wafer_npu_bd_i/cnn_npu_0/inst/cnn_inst/fc_inst_n_14) which is driven by a register (wafer_npu_bd_i/cnn_npu_0/inst/cnn_inst/fc_inst/weight_addr_reg[0]) that has an active asychronous set or reset. This may cause corruption of the memory contents and/or read values when the set/reset is asserted and is not analyzed by the default static timing analysis. It is suggested to eliminate the use of a set/reset to registers driving this RAMB pin or else use a synchronous reset in which the assertion of the reset is timed by default.
Related violations: <none>

REQP-1840#16 Warning
RAMB18 async control check  
The RAMB18E1 wafer_npu_bd_i/cnn_npu_0/inst/cnn_inst/fc_weight_rdata_reg has an input control pin wafer_npu_bd_i/cnn_npu_0/inst/cnn_inst/fc_weight_rdata_reg/ADDRARDADDR[5] (net: wafer_npu_bd_i/cnn_npu_0/inst/cnn_inst/fc_inst_n_13) which is driven by a register (wafer_npu_bd_i/cnn_npu_0/inst/cnn_inst/fc_inst/weight_addr_reg[1]) that has an active asychronous set or reset. This may cause corruption of the memory contents and/or read values when the set/reset is asserted and is not analyzed by the default static timing analysis. It is suggested to eliminate the use of a set/reset to registers driving this RAMB pin or else use a synchronous reset in which the assertion of the reset is timed by default.
Related violations: <none>

REQP-1840#17 Warning
RAMB18 async control check  
The RAMB18E1 wafer_npu_bd_i/cnn_npu_0/inst/cnn_inst/fc_weight_rdata_reg has an input control pin wafer_npu_bd_i/cnn_npu_0/inst/cnn_inst/fc_weight_rdata_reg/ADDRARDADDR[6] (net: wafer_npu_bd_i/cnn_npu_0/inst/cnn_inst/fc_inst_n_12) which is driven by a register (wafer_npu_bd_i/cnn_npu_0/inst/cnn_inst/fc_inst/weight_addr_reg[2]) that has an active asychronous set or reset. This may cause corruption of the memory contents and/or read values when the set/reset is asserted and is not analyzed by the default static timing analysis. It is suggested to eliminate the use of a set/reset to registers driving this RAMB pin or else use a synchronous reset in which the assertion of the reset is timed by default.
Related violations: <none>

REQP-1840#18 Warning
RAMB18 async control check  
The RAMB18E1 wafer_npu_bd_i/cnn_npu_0/inst/cnn_inst/fc_weight_rdata_reg has an input control pin wafer_npu_bd_i/cnn_npu_0/inst/cnn_inst/fc_weight_rdata_reg/ADDRARDADDR[7] (net: wafer_npu_bd_i/cnn_npu_0/inst/cnn_inst/fc_inst_n_11) which is driven by a register (wafer_npu_bd_i/cnn_npu_0/inst/cnn_inst/fc_inst/weight_addr_reg[3]) that has an active asychronous set or reset. This may cause corruption of the memory contents and/or read values when the set/reset is asserted and is not analyzed by the default static timing analysis. It is suggested to eliminate the use of a set/reset to registers driving this RAMB pin or else use a synchronous reset in which the assertion of the reset is timed by default.
Related violations: <none>

REQP-1840#19 Warning
RAMB18 async control check  
The RAMB18E1 wafer_npu_bd_i/cnn_npu_0/inst/cnn_inst/fc_weight_rdata_reg has an input control pin wafer_npu_bd_i/cnn_npu_0/inst/cnn_inst/fc_weight_rdata_reg/ADDRARDADDR[8] (net: wafer_npu_bd_i/cnn_npu_0/inst/cnn_inst/fc_inst_n_10) which is driven by a register (wafer_npu_bd_i/cnn_npu_0/inst/cnn_inst/fc_inst/weight_addr_reg[4]) that has an active asychronous set or reset. This may cause corruption of the memory contents and/or read values when the set/reset is asserted and is not analyzed by the default static timing analysis. It is suggested to eliminate the use of a set/reset to registers driving this RAMB pin or else use a synchronous reset in which the assertion of the reset is timed by default.
Related violations: <none>

REQP-1840#20 Warning
RAMB18 async control check  
The RAMB18E1 wafer_npu_bd_i/cnn_npu_0/inst/cnn_inst/fc_weight_rdata_reg has an input control pin wafer_npu_bd_i/cnn_npu_0/inst/cnn_inst/fc_weight_rdata_reg/ADDRARDADDR[9] (net: wafer_npu_bd_i/cnn_npu_0/inst/cnn_inst/fc_inst_n_19) which is driven by a register (wafer_npu_bd_i/cnn_npu_0/inst/cnn_inst/fc_inst/weight_addr_reg[5]) that has an active asychronous set or reset. This may cause corruption of the memory contents and/or read values when the set/reset is asserted and is not analyzed by the default static timing analysis. It is suggested to eliminate the use of a set/reset to registers driving this RAMB pin or else use a synchronous reset in which the assertion of the reset is timed by default.
Related violations: <none>


