#-----------------------------------------------------------
# Vivado v2024.2 (64-bit)
# SW Build 5239630 on Fri Nov 08 22:34:34 MST 2024
# IP Build 5239520 on Sun Nov 10 16:12:51 MST 2024
# SharedData Build 5239561 on Fri Nov 08 14:39:27 MST 2024
# Start of session at: Wed Jul  1 12:25:56 2026
# Process ID         : 144963
# Current directory  : /home/kimyujeong/workspace_ondevice_2/09.wafer_npu_project/C_vivado
# Command line       : vivado -mode batch -source package_ip.tcl -log package_ip.log -journal package_ip.jou
# Log file           : /home/kimyujeong/workspace_ondevice_2/09.wafer_npu_project/C_vivado/package_ip.log
# Journal file       : /home/kimyujeong/workspace_ondevice_2/09.wafer_npu_project/C_vivado/package_ip.jou
# Running On         : kimyujeong-IdeaPad-1-15ALC7
# Platform           : Ubuntu
# Operating System   : Ubuntu 24.04.3 LTS
# Processor Detail   : AMD Ryzen 5 5500U with Radeon Graphics
# CPU Frequency      : 4039.678 MHz
# CPU Physical cores : 6
# CPU Logical cores  : 12
# Host memory        : 14489 MB
# Swap memory        : 4294 MB
# Total Virtual      : 18784 MB
# Available Virtual  : 7869 MB
#-----------------------------------------------------------
source package_ip.tcl
# set proj_dir   "/home/kimyujeong/workspace_ondevice_2/09.wafer_npu_project/C_vivado"
# set proj_name  "C_vivado"
# set ip_repo_dir "$proj_dir/ip_repo_cnn_npu"
# set bd_name    "wafer_npu_bd"
# set xsa_out    "$proj_dir/wafer_npu.xsa"
# set num_jobs   8
# puts "INFO: ===== STEP 0: open project ====="
INFO: ===== STEP 0: open project =====
# open_project "$proj_dir/$proj_name.xpr"
Scanning sources...
Finished scanning sources
INFO: [IP_Flow 19-234] Refreshing IP repositories
INFO: [IP_Flow 19-1700] Loaded user IP repository '/home/kimyujeong/workspace_ondevice_2/09.wafer_npu_project/C_vivado/ip_repo_cnn_npu'.
INFO: [IP_Flow 19-2313] Loaded Vivado IP repository '/opt/Xilinx/Vivado/2024.2/data/ip'.
# puts "INFO: ===== STEP 1: package cnn_npu IP ====="
INFO: ===== STEP 1: package cnn_npu IP =====
# file mkdir $ip_repo_dir
# set_property top axi_lite_cnn_wrapper [current_fileset]
# update_compile_order -fileset sources_1
# ipx::package_project -root_dir /home/kimyujeong/workspace_ondevice_2/09.wafer_npu_project/C_vivado/ip_repo_cnn_npu -vendor user.org -library user -taxonomy /UserIP -import_files -set_current true
WARNING: [IP_Flow 19-4963] wafer_npu_bd_rst_ps7_0_50M_0 has board value specified. The packaged IP will be restricted to usage with board 'digilentinc.com:zybo-z7-20:part0:1.1'
WARNING: [IP_Flow 19-3833] Unreferenced file from the top module is not packaged: '/home/kimyujeong/workspace_ondevice_2/09.wafer_npu_project/C_vivado/C_vivado.srcs/sources_1/bd/wafer_npu_bd/wafer_npu_bd.bd'.
WARNING: [IP_Flow 19-3833] Unreferenced file from the top module is not packaged: '/home/kimyujeong/workspace_ondevice_2/09.wafer_npu_project/C_vivado/C_vivado.gen/sources_1/bd/wafer_npu_bd/hdl/wafer_npu_bd_wrapper.v'.
INFO: [IP_Flow 19-5107] Inferred bus interface 's_axi' of definition 'xilinx.com:interface:aximm:1.0' (from Xilinx Repository).
INFO: [IP_Flow 19-5107] Inferred bus interface 's_axi_aresetn' of definition 'xilinx.com:signal:reset:1.0' (from Xilinx Repository).
INFO: [IP_Flow 19-5107] Inferred bus interface 's_axi_aclk' of definition 'xilinx.com:signal:clock:1.0' (from Xilinx Repository).
INFO: [IP_Flow 19-4728] Bus Interface 's_axi_aresetn': Added interface parameter 'POLARITY' with value 'ACTIVE_LOW'.
INFO: [IP_Flow 19-4728] Bus Interface 's_axi_aclk': Added interface parameter 'ASSOCIATED_BUSIF' with value 's_axi'.
INFO: [IP_Flow 19-4728] Bus Interface 's_axi_aclk': Added interface parameter 'ASSOCIATED_RESET' with value 's_axi_aresetn'.
WARNING: [IP_Flow 19-11888] Component Definition 'user.org:user:axi_lite_cnn_wrapper:1.0 (axi_lite_cnn_wrapper_v1_0)': IP description "axi_lite_cnn_wrapper_v1_0" is not meaningful: same as name or display name
WARNING: [IP_Flow 19-11770] Clock interface 's_axi_aclk' has no FREQ_HZ parameter.
INFO: [IP_Flow 19-2181] Payment is not required for this core.
WARNING: [IP_Flow 19-2187] The Product Guide file is missing.
# set_property name        cnn_npu           [ipx::current_core]
# set_property display_name "CNN NPU (WM-811K wafer defect classifier)" [ipx::current_core]
# set_property description "AXI4-Lite wrapped CNN NPU (conv/pool/gap/fc pipeline) for wafer defect classification" [ipx::current_core]
# set_property version     1.0               [ipx::current_core]
# set_property vendor      user.org          [ipx::current_core]
# set_property library     user              [ipx::current_core]
# if {[llength [ipx::get_bus_interfaces s_axi -of_objects [ipx::current_core]]] == 0} {
#     puts "ERROR: s_axi bus interface was not auto-inferred by package_project"
#     exit 1
# }
# set s_axi_busif [ipx::get_bus_interfaces s_axi -of_objects [ipx::current_core]]
# set proto_param [ipx::get_bus_parameters -quiet PROTOCOL -of_objects $s_axi_busif]
# if {[llength $proto_param] > 0} {
#     puts "INFO: s_axi PROTOCOL auto-detected as [get_property VALUE $proto_param]"
#     if {[get_property VALUE $proto_param] != "AXI4LITE"} {
#         set_property value AXI4LITE $proto_param
#         puts "INFO: forced s_axi PROTOCOL to AXI4LITE"
#     }
# } else {
#     ipx::add_bus_parameter PROTOCOL $s_axi_busif
#     set_property value AXI4LITE [ipx::get_bus_parameters PROTOCOL -of_objects $s_axi_busif]
#     puts "INFO: added and set s_axi PROTOCOL=AXI4LITE (was not present)"
# }
INFO: added and set s_axi PROTOCOL=AXI4LITE (was not present)
# ipx::infer_bus_interface s_axi_aclk    xilinx.com:signal:clock_rtl:1.0 [ipx::current_core]
INFO: [IP_Flow 19-5107] Inferred bus interface 's_axi_aclk' of definition 'xilinx.com:signal:clock:1.0' (from TCL Argument).
# ipx::infer_bus_interface s_axi_aresetn xilinx.com:signal:reset_rtl:1.0 [ipx::current_core]
INFO: [IP_Flow 19-5107] Inferred bus interface 's_axi_aresetn' of definition 'xilinx.com:signal:reset:1.0' (from TCL Argument).
# if {[llength [ipx::get_bus_parameters -quiet FREQ_HZ -of_objects [ipx::get_bus_interfaces s_axi_aclk -of_objects [ipx::current_core]]]] == 0} {
#     ipx::add_bus_parameter FREQ_HZ [ipx::get_bus_interfaces s_axi_aclk -of_objects [ipx::current_core]]
# }
# ipx::create_xgui_files    [ipx::current_core]
# ipx::update_checksums     [ipx::current_core]
# ipx::save_core            [ipx::current_core]
# close_project
# puts "INFO: ===== STEP 1 done: IP packaged at $ip_repo_dir ====="
INFO: ===== STEP 1 done: IP packaged at /home/kimyujeong/workspace_ondevice_2/09.wafer_npu_project/C_vivado/ip_repo_cnn_npu =====
# open_project "$proj_dir/$proj_name.xpr"
Scanning sources...
Finished scanning sources
INFO: [IP_Flow 19-234] Refreshing IP repositories
CRITICAL WARNING: [IP_Flow 19-4648] Error loading IP definition CNN NPU (WM-811K wafer defect classifier) (user.org:user:cnn_npu:1.0): This component is not valid; it has a subcoreRef defined to be the same as its parent.
INFO: [IP_Flow 19-1700] Loaded user IP repository '/home/kimyujeong/workspace_ondevice_2/09.wafer_npu_project/C_vivado/ip_repo_cnn_npu'.
INFO: [IP_Flow 19-2313] Loaded Vivado IP repository '/opt/Xilinx/Vivado/2024.2/data/ip'.
WARNING: [BD 41-1661] One or more IPs have been locked in the design 'wafer_npu_bd.bd'. Please run report_ip_status for more details and recommendations on how to fix this issue.
List of locked IPs:
wafer_npu_bd_cnn_npu_0_0

# set_property ip_repo_paths [list $ip_repo_dir] [current_project]
# update_ip_catalog -rebuild
INFO: [IP_Flow 19-234] Refreshing IP repositories
CRITICAL WARNING: [IP_Flow 19-4648] Error loading IP definition CNN NPU (WM-811K wafer defect classifier) (user.org:user:cnn_npu:1.0): This component is not valid; it has a subcoreRef defined to be the same as its parent.
INFO: [IP_Flow 19-1700] Loaded user IP repository '/home/kimyujeong/workspace_ondevice_2/09.wafer_npu_project/C_vivado/ip_repo_cnn_npu'.
# set cnn_vlnv [get_ipdefs -filter {NAME == "cnn_npu"}]
# if {[llength $cnn_vlnv] == 0} {
#     puts "ERROR: cnn_npu IP not found in catalog after update_ip_catalog"
#     exit 1
# }
# set cnn_vlnv [lindex $cnn_vlnv 0]
# puts "INFO: cnn_npu VLNV = $cnn_vlnv"
INFO: cnn_npu VLNV = user.org:user:cnn_npu:1.0
# puts "INFO: ===== STEP 2: block design ====="
INFO: ===== STEP 2: block design =====
# if {[llength [get_files -quiet "$bd_name.bd"]] > 0} {
#     remove_files -quiet "$bd_name.bd"
# }
# set bd_file_path "$proj_dir/$proj_name.srcs/sources_1/bd/$bd_name"
# if {[file exists $bd_file_path]} {
#     file delete -force $bd_file_path
# }
# create_bd_design wafer_npu_bd
Wrote  : </home/kimyujeong/workspace_ondevice_2/09.wafer_npu_project/C_vivado/C_vivado.srcs/sources_1/bd/wafer_npu_bd/wafer_npu_bd.bd> 
# set ps [create_bd_cell -type ip -vlnv xilinx.com:ip:processing_system7:5.5 processing_system7_0]
# apply_bd_automation -rule xilinx.com:bd_rule:processing_system7 \
#     -config {make_external "FIXED_IO, DDR" apply_board_preset "1"} \
#     [get_bd_cells processing_system7_0]
# set_property -dict [list \
#     CONFIG.PCW_UART1_PERIPHERAL_ENABLE {1} \
#     CONFIG.PCW_UART1_GRP_FULL_ENABLE {0} \
#     CONFIG.PCW_UART1_UART1_IO {MIO 48 .. 49} \
#     CONFIG.PCW_USE_M_AXI_GP0 {1} \
#     CONFIG.PCW_FPGA0_PERIPHERAL_FREQMHZ {40} \
# ] [get_bd_cells processing_system7_0]
CRITICAL WARNING: [PSU-1]  Parameter : PCW_UIPARAM_DDR_DQS_TO_CLK_DELAY_0 has negative value -0.050 . PS DDR interfaces might fail when entering negative DQS skew values. 
CRITICAL WARNING: [PSU-2]  Parameter : PCW_UIPARAM_DDR_DQS_TO_CLK_DELAY_1 has negative value -0.044 . PS DDR interfaces might fail when entering negative DQS skew values. 
CRITICAL WARNING: [PSU-3]  Parameter : PCW_UIPARAM_DDR_DQS_TO_CLK_DELAY_2 has negative value -0.035 . PS DDR interfaces might fail when entering negative DQS skew values. 
CRITICAL WARNING: [PSU-4]  Parameter : PCW_UIPARAM_DDR_DQS_TO_CLK_DELAY_3 has negative value -0.100 . PS DDR interfaces might fail when entering negative DQS skew values. 
CRITICAL WARNING: [IP_Flow 19-5622] Failed to create IP instance 'wafer_npu_bd_cnn_npu_0_0'. Failed to customize IP instance 'wafer_npu_bd_cnn_npu_0_0'. IP is hidden.
ERROR: [BD 41-1712] Create IP failed with errors
ERROR: [BD 5-7] Error: running create_bd_cell  -vlnv user.org:user:cnn_npu:1.0 -type ip -name cnn_npu_0 .
ERROR: [Common 17-39] 'create_bd_cell' failed due to earlier errors.

    while executing
"create_bd_cell -type ip -vlnv $cnn_vlnv cnn_npu_0"
    invoked from within
"set cnn [create_bd_cell -type ip -vlnv $cnn_vlnv cnn_npu_0]"
    (file "package_ip.tcl" line 166)
INFO: [Common 17-206] Exiting Vivado at Wed Jul  1 12:26:08 2026...
