#-----------------------------------------------------------
# Vivado v2024.2 (64-bit)
# SW Build 5239630 on Fri Nov 08 22:34:34 MST 2024
# IP Build 5239520 on Sun Nov 10 16:12:51 MST 2024
# SharedData Build 5239561 on Fri Nov 08 14:39:27 MST 2024
# Start of session at: Wed Jul  1 12:18:22 2026
# Process ID         : 96761
# Current directory  : /home/kimyujeong/workspace_ondevice_2/09.wafer_npu_project/C_vivado
# Command line       : vivado -mode batch -source package_ip.tcl -log package_ip.log -journal package_ip.jou
# Log file           : /home/kimyujeong/workspace_ondevice_2/09.wafer_npu_project/C_vivado/package_ip.log
# Journal file       : /home/kimyujeong/workspace_ondevice_2/09.wafer_npu_project/C_vivado/package_ip.jou
# Running On         : kimyujeong-IdeaPad-1-15ALC7
# Platform           : Ubuntu
# Operating System   : Ubuntu 24.04.3 LTS
# Processor Detail   : AMD Ryzen 5 5500U with Radeon Graphics
# CPU Frequency      : 3994.666 MHz
# CPU Physical cores : 6
# CPU Logical cores  : 12
# Host memory        : 14489 MB
# Swap memory        : 4294 MB
# Total Virtual      : 18784 MB
# Available Virtual  : 7300 MB
#-----------------------------------------------------------
source package_ip.tcl
# set proj_dir   "/home/kimyujeong/workspace_ondevice_2/09.wafer_npu_project/C_vivado"
# set proj_name  "C_vivado"
# set ip_repo_dir "$proj_dir/ip_repo_cnn_npu"
# set bd_name    "wafer_npu_bd"
# set xsa_out    "$proj_dir/wafer_npu.xsa"
# set num_jobs   8
# puts "INFO: ===== STEP 0: open project ====="
INFO: ===== STEP 0: open project =====
# open_project "$proj_dir/$proj_name.xpr"
Scanning sources...
Finished scanning sources
# puts "INFO: ===== STEP 1: package cnn_npu IP ====="
INFO: ===== STEP 1: package cnn_npu IP =====
# file mkdir $ip_repo_dir
# set_property top axi_lite_cnn_wrapper [current_fileset]
# update_compile_order -fileset sources_1
# ipx::package_project -root_dir /home/kimyujeong/workspace_ondevice_2/09.wafer_npu_project/C_vivado/ip_repo_cnn_npu -vendor user.org -library user -taxonomy /UserIP -import_files -set_current true
WARNING: [IP_Flow 19-3833] Unreferenced file from the top module is not packaged: '/home/kimyujeong/workspace_ondevice_2/09.wafer_npu_project/C_vivado/C_vivado.srcs/sources_1/bd/wafer_npu_bd/wafer_npu_bd.bd'.
INFO: [IP_Flow 19-234] Refreshing IP repositories
INFO: [IP_Flow 19-1700] Loaded user IP repository '/home/kimyujeong/workspace_ondevice_2/09.wafer_npu_project/C_vivado/ip_repo_cnn_npu'.
INFO: [IP_Flow 19-2313] Loaded Vivado IP repository '/opt/Xilinx/Vivado/2024.2/data/ip'.
INFO: [IP_Flow 19-5107] Inferred bus interface 's_axi' of definition 'xilinx.com:interface:aximm:1.0' (from Xilinx Repository).
INFO: [IP_Flow 19-5107] Inferred bus interface 's_axi_aresetn' of definition 'xilinx.com:signal:reset:1.0' (from Xilinx Repository).
INFO: [IP_Flow 19-5107] Inferred bus interface 's_axi_aclk' of definition 'xilinx.com:signal:clock:1.0' (from Xilinx Repository).
INFO: [IP_Flow 19-4728] Bus Interface 's_axi_aresetn': Added interface parameter 'POLARITY' with value 'ACTIVE_LOW'.
INFO: [IP_Flow 19-4728] Bus Interface 's_axi_aclk': Added interface parameter 'ASSOCIATED_BUSIF' with value 's_axi'.
INFO: [IP_Flow 19-4728] Bus Interface 's_axi_aclk': Added interface parameter 'ASSOCIATED_RESET' with value 's_axi_aresetn'.
WARNING: [IP_Flow 19-11888] Component Definition 'user.org:user:axi_lite_cnn_wrapper:1.0 (axi_lite_cnn_wrapper_v1_0)': IP description "axi_lite_cnn_wrapper_v1_0" is not meaningful: same as name or display name
WARNING: [IP_Flow 19-11770] Clock interface 's_axi_aclk' has no FREQ_HZ parameter.
INFO: [IP_Flow 19-2181] Payment is not required for this core.
WARNING: [IP_Flow 19-2187] The Product Guide file is missing.
# set_property name        cnn_npu           [ipx::current_core]
# set_property display_name "CNN NPU (WM-811K wafer defect classifier)" [ipx::current_core]
# set_property description "AXI4-Lite wrapped CNN NPU (conv/pool/gap/fc pipeline) for wafer defect classification" [ipx::current_core]
# set_property version     1.0               [ipx::current_core]
# set_property vendor      user.org          [ipx::current_core]
# set_property library     user              [ipx::current_core]
# if {[llength [ipx::get_bus_interfaces s_axi -of_objects [ipx::current_core]]] == 0} {
#     puts "ERROR: s_axi bus interface was not auto-inferred by package_project"
#     exit 1
# }
# set s_axi_busif [ipx::get_bus_interfaces s_axi -of_objects [ipx::current_core]]
# set proto_param [ipx::get_bus_parameters -quiet PROTOCOL -of_objects $s_axi_busif]
# if {[llength $proto_param] > 0} {
#     puts "INFO: s_axi PROTOCOL auto-detected as [get_property VALUE $proto_param]"
#     if {[get_property VALUE $proto_param] != "AXI4LITE"} {
#         set_property value AXI4LITE $proto_param
#         puts "INFO: forced s_axi PROTOCOL to AXI4LITE"
#     }
# } else {
#     ipx::add_bus_parameter PROTOCOL $s_axi_busif
#     set_property value AXI4LITE [ipx::get_bus_parameters PROTOCOL -of_objects $s_axi_busif]
#     puts "INFO: added and set s_axi PROTOCOL=AXI4LITE (was not present)"
# }
INFO: added and set s_axi PROTOCOL=AXI4LITE (was not present)
# ipx::infer_bus_interface s_axi_aclk    xilinx.com:signal:clock_rtl:1.0 [ipx::current_core]
INFO: [IP_Flow 19-5107] Inferred bus interface 's_axi_aclk' of definition 'xilinx.com:signal:clock:1.0' (from TCL Argument).
# ipx::infer_bus_interface s_axi_aresetn xilinx.com:signal:reset_rtl:1.0 [ipx::current_core]
INFO: [IP_Flow 19-5107] Inferred bus interface 's_axi_aresetn' of definition 'xilinx.com:signal:reset:1.0' (from TCL Argument).
# if {[llength [ipx::get_bus_parameters -quiet FREQ_HZ -of_objects [ipx::get_bus_interfaces s_axi_aclk -of_objects [ipx::current_core]]]] == 0} {
#     ipx::add_bus_parameter FREQ_HZ [ipx::get_bus_interfaces s_axi_aclk -of_objects [ipx::current_core]]
# }
# ipx::create_xgui_files    [ipx::current_core]
# ipx::update_checksums     [ipx::current_core]
# ipx::save_core            [ipx::current_core]
# close_project
# puts "INFO: ===== STEP 1 done: IP packaged at $ip_repo_dir ====="
INFO: ===== STEP 1 done: IP packaged at /home/kimyujeong/workspace_ondevice_2/09.wafer_npu_project/C_vivado/ip_repo_cnn_npu =====
# open_project "$proj_dir/$proj_name.xpr"
Scanning sources...
Finished scanning sources
# set_property ip_repo_paths [list $ip_repo_dir] [current_project]
# update_ip_catalog -rebuild
INFO: [IP_Flow 19-234] Refreshing IP repositories
INFO: [IP_Flow 19-1700] Loaded user IP repository '/home/kimyujeong/workspace_ondevice_2/09.wafer_npu_project/C_vivado/ip_repo_cnn_npu'.
INFO: [IP_Flow 19-2313] Loaded Vivado IP repository '/opt/Xilinx/Vivado/2024.2/data/ip'.
# set cnn_vlnv [get_ipdefs -filter {NAME == "cnn_npu"}]
# if {[llength $cnn_vlnv] == 0} {
#     puts "ERROR: cnn_npu IP not found in catalog after update_ip_catalog"
#     exit 1
# }
# set cnn_vlnv [lindex $cnn_vlnv 0]
# puts "INFO: cnn_npu VLNV = $cnn_vlnv"
INFO: cnn_npu VLNV = user.org:user:cnn_npu:1.0
# puts "INFO: ===== STEP 2: block design ====="
INFO: ===== STEP 2: block design =====
# if {[llength [get_files -quiet "$bd_name.bd"]] > 0} {
#     remove_files -quiet "$bd_name.bd"
# }
# set bd_file_path "$proj_dir/$proj_name.srcs/sources_1/bd/$bd_name"
# if {[file exists $bd_file_path]} {
#     file delete -force $bd_file_path
# }
# create_bd_design wafer_npu_bd
Wrote  : </home/kimyujeong/workspace_ondevice_2/09.wafer_npu_project/C_vivado/C_vivado.srcs/sources_1/bd/wafer_npu_bd/wafer_npu_bd.bd> 
# set ps [create_bd_cell -type ip -vlnv xilinx.com:ip:processing_system7:5.5 processing_system7_0]
# apply_bd_automation -rule xilinx.com:bd_rule:processing_system7 \
#     -config {make_external "FIXED_IO, DDR" apply_board_preset "1"} \
#     [get_bd_cells processing_system7_0]
# set_property -dict [list \
#     CONFIG.PCW_UART1_PERIPHERAL_ENABLE {1} \
#     CONFIG.PCW_UART1_GRP_FULL_ENABLE {0} \
#     CONFIG.PCW_UART1_UART1_IO {MIO 48 .. 49} \
#     CONFIG.PCW_USE_M_AXI_GP0 {1} \
# ] [get_bd_cells processing_system7_0]
# set cnn [create_bd_cell -type ip -vlnv $cnn_vlnv cnn_npu_0]
# apply_bd_automation -rule xilinx.com:bd_rule:axi4 -config { \
#     Master "/processing_system7_0/M_AXI_GP0" \
#     intc_ip "New AXI Interconnect" \
#     Clk "Auto" \
# } [get_bd_intf_pins cnn_npu_0/s_axi]
INFO: [Ipptcl 7-1463] No Compatible Board Interface found. Board Tab not created in customize GUI
Slave segment '/cnn_npu_0/s_axi/reg0' is being assigned into address space '/processing_system7_0/Data' at <0x4000_0000 [ 4K ]>.
# assign_bd_address
INFO: [BD 41-3093] Triggering Legacy Auto Assign Algorithm
# set cnn_seg [get_bd_addr_segs -of_objects [get_bd_cells cnn_npu_0]]
# if {[llength $cnn_seg] == 0} {
#     puts "ERROR: no address segment found for cnn_npu_0 - check AXI connection"
#     exit 1
# }
# foreach seg $cnn_seg {
#     set_property offset 0x43C00000 $seg
# }
ERROR: [Common 17-107] Cannot change read-only property 'offset'.
Resolution: Please refer to Vivado Properties Reference Guide (UG912) for more information on setting properties.
INFO: [Common 17-206] Exiting Vivado at Wed Jul  1 12:18:31 2026...
